Making install in gsl
make[1]: Entering directory '/home/hakon/pcl/data/p/desktop/emacs/desktop/scratch/perl--cpan--Math-GSL--github--travis-test/math-gsl-test/gsl/src/gsl-2.5/gsl'
make[2]: Entering directory '/home/hakon/pcl/data/p/desktop/emacs/desktop/scratch/perl--cpan--Math-GSL--github--travis-test/math-gsl-test/gsl/src/gsl-2.5/gsl'
make[2]: Nothing to be done for 'install-exec-am'.
make[2]: Nothing to be done for 'install-data-am'.
make[2]: Leaving directory '/home/hakon/pcl/data/p/desktop/emacs/desktop/scratch/perl--cpan--Math-GSL--github--travis-test/math-gsl-test/gsl/src/gsl-2.5/gsl'
make[1]: Leaving directory '/home/hakon/pcl/data/p/desktop/emacs/desktop/scratch/perl--cpan--Math-GSL--github--travis-test/math-gsl-test/gsl/src/gsl-2.5/gsl'
Making install in utils
make[1]: Entering directory '/home/hakon/pcl/data/p/desktop/emacs/desktop/scratch/perl--cpan--Math-GSL--github--travis-test/math-gsl-test/gsl/src/gsl-2.5/utils'
make[2]: Entering directory '/home/hakon/pcl/data/p/desktop/emacs/desktop/scratch/perl--cpan--Math-GSL--github--travis-test/math-gsl-test/gsl/src/gsl-2.5/utils'
make[2]: Nothing to be done for 'install-exec-am'.
make[2]: Nothing to be done for 'install-data-am'.
make[2]: Leaving directory '/home/hakon/pcl/data/p/desktop/emacs/desktop/scratch/perl--cpan--Math-GSL--github--travis-test/math-gsl-test/gsl/src/gsl-2.5/utils'
make[1]: Leaving directory '/home/hakon/pcl/data/p/desktop/emacs/desktop/scratch/perl--cpan--Math-GSL--github--travis-test/math-gsl-test/gsl/src/gsl-2.5/utils'
Making install in sys
make[1]: Entering directory '/home/hakon/pcl/data/p/desktop/emacs/desktop/scratch/perl--cpan--Math-GSL--github--travis-test/math-gsl-test/gsl/src/gsl-2.5/sys'
make[2]: Entering directory '/home/hakon/pcl/data/p/desktop/emacs/desktop/scratch/perl--cpan--Math-GSL--github--travis-test/math-gsl-test/gsl/src/gsl-2.5/sys'
make[2]: Nothing to be done for 'install-exec-am'.
 /bin/mkdir -p '/home/hakon/pcl/data/p/desktop/emacs/desktop/scratch/perl--cpan--Math-GSL--github--travis-test/math-gsl-test/gsl/gsl-2.5/include/gsl'
 /bin/install -c -m 644 gsl_sys.h '/home/hakon/pcl/data/p/desktop/emacs/desktop/scratch/perl--cpan--Math-GSL--github--travis-test/math-gsl-test/gsl/gsl-2.5/include/gsl'
make[2]: Leaving directory '/home/hakon/pcl/data/p/desktop/emacs/desktop/scratch/perl--cpan--Math-GSL--github--travis-test/math-gsl-test/gsl/src/gsl-2.5/sys'
make[1]: Leaving directory '/home/hakon/pcl/data/p/desktop/emacs/desktop/scratch/perl--cpan--Math-GSL--github--travis-test/math-gsl-test/gsl/src/gsl-2.5/sys'
Making install in test
make[1]: Entering directory '/home/hakon/pcl/data/p/desktop/emacs/desktop/scratch/perl--cpan--Math-GSL--github--travis-test/math-gsl-test/gsl/src/gsl-2.5/test'
make[2]: Entering directory '/home/hakon/pcl/data/p/desktop/emacs/desktop/scratch/perl--cpan--Math-GSL--github--travis-test/math-gsl-test/gsl/src/gsl-2.5/test'
make[2]: Nothing to be done for 'install-exec-am'.
 /bin/mkdir -p '/home/hakon/pcl/data/p/desktop/emacs/desktop/scratch/perl--cpan--Math-GSL--github--travis-test/math-gsl-test/gsl/gsl-2.5/include/gsl'
 /bin/install -c -m 644 gsl_test.h '/home/hakon/pcl/data/p/desktop/emacs/desktop/scratch/perl--cpan--Math-GSL--github--travis-test/math-gsl-test/gsl/gsl-2.5/include/gsl'
make[2]: Leaving directory '/home/hakon/pcl/data/p/desktop/emacs/desktop/scratch/perl--cpan--Math-GSL--github--travis-test/math-gsl-test/gsl/src/gsl-2.5/test'
make[1]: Leaving directory '/home/hakon/pcl/data/p/desktop/emacs/desktop/scratch/perl--cpan--Math-GSL--github--travis-test/math-gsl-test/gsl/src/gsl-2.5/test'
Making install in err
make[1]: Entering directory '/home/hakon/pcl/data/p/desktop/emacs/desktop/scratch/perl--cpan--Math-GSL--github--travis-test/math-gsl-test/gsl/src/gsl-2.5/err'
make[2]: Entering directory '/home/hakon/pcl/data/p/desktop/emacs/desktop/scratch/perl--cpan--Math-GSL--github--travis-test/math-gsl-test/gsl/src/gsl-2.5/err'
make[2]: Nothing to be done for 'install-exec-am'.
 /bin/mkdir -p '/home/hakon/pcl/data/p/desktop/emacs/desktop/scratch/perl--cpan--Math-GSL--github--travis-test/math-gsl-test/gsl/gsl-2.5/include/gsl'
 /bin/install -c -m 644 gsl_errno.h gsl_message.h '/home/hakon/pcl/data/p/desktop/emacs/desktop/scratch/perl--cpan--Math-GSL--github--travis-test/math-gsl-test/gsl/gsl-2.5/include/gsl'
make[2]: Leaving directory '/home/hakon/pcl/data/p/desktop/emacs/desktop/scratch/perl--cpan--Math-GSL--github--travis-test/math-gsl-test/gsl/src/gsl-2.5/err'
make[1]: Leaving directory '/home/hakon/pcl/data/p/desktop/emacs/desktop/scratch/perl--cpan--Math-GSL--github--travis-test/math-gsl-test/gsl/src/gsl-2.5/err'
Making install in const
make[1]: Entering directory '/home/hakon/pcl/data/p/desktop/emacs/desktop/scratch/perl--cpan--Math-GSL--github--travis-test/math-gsl-test/gsl/src/gsl-2.5/const'
make[2]: Entering directory '/home/hakon/pcl/data/p/desktop/emacs/desktop/scratch/perl--cpan--Math-GSL--github--travis-test/math-gsl-test/gsl/src/gsl-2.5/const'
make[2]: Nothing to be done for 'install-exec-am'.
 /bin/mkdir -p '/home/hakon/pcl/data/p/desktop/emacs/desktop/scratch/perl--cpan--Math-GSL--github--travis-test/math-gsl-test/gsl/gsl-2.5/include/gsl'
 /bin/install -c -m 644 gsl_const.h gsl_const_cgs.h gsl_const_mks.h gsl_const_cgsm.h gsl_const_mksa.h gsl_const_num.h '/home/hakon/pcl/data/p/desktop/emacs/desktop/scratch/perl--cpan--Math-GSL--github--travis-test/math-gsl-test/gsl/gsl-2.5/include/gsl'
make[2]: Leaving directory '/home/hakon/pcl/data/p/desktop/emacs/desktop/scratch/perl--cpan--Math-GSL--github--travis-test/math-gsl-test/gsl/src/gsl-2.5/const'
make[1]: Leaving directory '/home/hakon/pcl/data/p/desktop/emacs/desktop/scratch/perl--cpan--Math-GSL--github--travis-test/math-gsl-test/gsl/src/gsl-2.5/const'
Making install in complex
make[1]: Entering directory '/home/hakon/pcl/data/p/desktop/emacs/desktop/scratch/perl--cpan--Math-GSL--github--travis-test/math-gsl-test/gsl/src/gsl-2.5/complex'
make[2]: Entering directory '/home/hakon/pcl/data/p/desktop/emacs/desktop/scratch/perl--cpan--Math-GSL--github--travis-test/math-gsl-test/gsl/src/gsl-2.5/complex'
make[2]: Nothing to be done for 'install-exec-am'.
 /bin/mkdir -p '/home/hakon/pcl/data/p/desktop/emacs/desktop/scratch/perl--cpan--Math-GSL--github--travis-test/math-gsl-test/gsl/gsl-2.5/include/gsl'
 /bin/install -c -m 644 gsl_complex.h gsl_complex_math.h '/home/hakon/pcl/data/p/desktop/emacs/desktop/scratch/perl--cpan--Math-GSL--github--travis-test/math-gsl-test/gsl/gsl-2.5/include/gsl'
make[2]: Leaving directory '/home/hakon/pcl/data/p/desktop/emacs/desktop/scratch/perl--cpan--Math-GSL--github--travis-test/math-gsl-test/gsl/src/gsl-2.5/complex'
make[1]: Leaving directory '/home/hakon/pcl/data/p/desktop/emacs/desktop/scratch/perl--cpan--Math-GSL--github--travis-test/math-gsl-test/gsl/src/gsl-2.5/complex'
Making install in cheb
make[1]: Entering directory '/home/hakon/pcl/data/p/desktop/emacs/desktop/scratch/perl--cpan--Math-GSL--github--travis-test/math-gsl-test/gsl/src/gsl-2.5/cheb'
make[2]: Entering directory '/home/hakon/pcl/data/p/desktop/emacs/desktop/scratch/perl--cpan--Math-GSL--github--travis-test/math-gsl-test/gsl/src/gsl-2.5/cheb'
make[2]: Nothing to be done for 'install-exec-am'.
 /bin/mkdir -p '/home/hakon/pcl/data/p/desktop/emacs/desktop/scratch/perl--cpan--Math-GSL--github--travis-test/math-gsl-test/gsl/gsl-2.5/include/gsl'
 /bin/install -c -m 644 gsl_chebyshev.h '/home/hakon/pcl/data/p/desktop/emacs/desktop/scratch/perl--cpan--Math-GSL--github--travis-test/math-gsl-test/gsl/gsl-2.5/include/gsl'
make[2]: Leaving directory '/home/hakon/pcl/data/p/desktop/emacs/desktop/scratch/perl--cpan--Math-GSL--github--travis-test/math-gsl-test/gsl/src/gsl-2.5/cheb'
make[1]: Leaving directory '/home/hakon/pcl/data/p/desktop/emacs/desktop/scratch/perl--cpan--Math-GSL--github--travis-test/math-gsl-test/gsl/src/gsl-2.5/cheb'
Making install in block
make[1]: Entering directory '/home/hakon/pcl/data/p/desktop/emacs/desktop/scratch/perl--cpan--Math-GSL--github--travis-test/math-gsl-test/gsl/src/gsl-2.5/block'
make[2]: Entering directory '/home/hakon/pcl/data/p/desktop/emacs/desktop/scratch/perl--cpan--Math-GSL--github--travis-test/math-gsl-test/gsl/src/gsl-2.5/block'
make[2]: Nothing to be done for 'install-exec-am'.
 /bin/mkdir -p '/home/hakon/pcl/data/p/desktop/emacs/desktop/scratch/perl--cpan--Math-GSL--github--travis-test/math-gsl-test/gsl/gsl-2.5/include/gsl'
 /bin/install -c -m 644 gsl_block.h gsl_block_char.h gsl_block_complex_double.h gsl_block_complex_float.h gsl_block_complex_long_double.h gsl_block_double.h gsl_block_float.h gsl_block_int.h gsl_block_long.h gsl_block_long_double.h gsl_block_short.h gsl_block_uchar.h gsl_block_uint.h gsl_block_ulong.h gsl_block_ushort.h gsl_check_range.h '/home/hakon/pcl/data/p/desktop/emacs/desktop/scratch/perl--cpan--Math-GSL--github--travis-test/math-gsl-test/gsl/gsl-2.5/include/gsl'
make[2]: Leaving directory '/home/hakon/pcl/data/p/desktop/emacs/desktop/scratch/perl--cpan--Math-GSL--github--travis-test/math-gsl-test/gsl/src/gsl-2.5/block'
make[1]: Leaving directory '/home/hakon/pcl/data/p/desktop/emacs/desktop/scratch/perl--cpan--Math-GSL--github--travis-test/math-gsl-test/gsl/src/gsl-2.5/block'
Making install in vector
make[1]: Entering directory '/home/hakon/pcl/data/p/desktop/emacs/desktop/scratch/perl--cpan--Math-GSL--github--travis-test/math-gsl-test/gsl/src/gsl-2.5/vector'
make[2]: Entering directory '/home/hakon/pcl/data/p/desktop/emacs/desktop/scratch/perl--cpan--Math-GSL--github--travis-test/math-gsl-test/gsl/src/gsl-2.5/vector'
make[2]: Nothing to be done for 'install-exec-am'.
 /bin/mkdir -p '/home/hakon/pcl/data/p/desktop/emacs/desktop/scratch/perl--cpan--Math-GSL--github--travis-test/math-gsl-test/gsl/gsl-2.5/include/gsl'
 /bin/install -c -m 644 gsl_vector.h gsl_vector_char.h gsl_vector_complex.h gsl_vector_complex_double.h gsl_vector_complex_float.h gsl_vector_complex_long_double.h gsl_vector_double.h gsl_vector_float.h gsl_vector_int.h gsl_vector_long.h gsl_vector_long_double.h gsl_vector_short.h gsl_vector_uchar.h gsl_vector_uint.h gsl_vector_ulong.h gsl_vector_ushort.h '/home/hakon/pcl/data/p/desktop/emacs/desktop/scratch/perl--cpan--Math-GSL--github--travis-test/math-gsl-test/gsl/gsl-2.5/include/gsl'
make[2]: Leaving directory '/home/hakon/pcl/data/p/desktop/emacs/desktop/scratch/perl--cpan--Math-GSL--github--travis-test/math-gsl-test/gsl/src/gsl-2.5/vector'
make[1]: Leaving directory '/home/hakon/pcl/data/p/desktop/emacs/desktop/scratch/perl--cpan--Math-GSL--github--travis-test/math-gsl-test/gsl/src/gsl-2.5/vector'
Making install in matrix
make[1]: Entering directory '/home/hakon/pcl/data/p/desktop/emacs/desktop/scratch/perl--cpan--Math-GSL--github--travis-test/math-gsl-test/gsl/src/gsl-2.5/matrix'
make[2]: Entering directory '/home/hakon/pcl/data/p/desktop/emacs/desktop/scratch/perl--cpan--Math-GSL--github--travis-test/math-gsl-test/gsl/src/gsl-2.5/matrix'
make[2]: Nothing to be done for 'install-exec-am'.
 /bin/mkdir -p '/home/hakon/pcl/data/p/desktop/emacs/desktop/scratch/perl--cpan--Math-GSL--github--travis-test/math-gsl-test/gsl/gsl-2.5/include/gsl'
 /bin/install -c -m 644 gsl_matrix.h gsl_matrix_char.h gsl_matrix_complex_double.h gsl_matrix_complex_float.h gsl_matrix_complex_long_double.h gsl_matrix_double.h gsl_matrix_float.h gsl_matrix_int.h gsl_matrix_long.h gsl_matrix_long_double.h gsl_matrix_short.h gsl_matrix_uchar.h gsl_matrix_uint.h gsl_matrix_ulong.h gsl_matrix_ushort.h '/home/hakon/pcl/data/p/desktop/emacs/desktop/scratch/perl--cpan--Math-GSL--github--travis-test/math-gsl-test/gsl/gsl-2.5/include/gsl'
make[2]: Leaving directory '/home/hakon/pcl/data/p/desktop/emacs/desktop/scratch/perl--cpan--Math-GSL--github--travis-test/math-gsl-test/gsl/src/gsl-2.5/matrix'
make[1]: Leaving directory '/home/hakon/pcl/data/p/desktop/emacs/desktop/scratch/perl--cpan--Math-GSL--github--travis-test/math-gsl-test/gsl/src/gsl-2.5/matrix'
Making install in permutation
make[1]: Entering directory '/home/hakon/pcl/data/p/desktop/emacs/desktop/scratch/perl--cpan--Math-GSL--github--travis-test/math-gsl-test/gsl/src/gsl-2.5/permutation'
make[2]: Entering directory '/home/hakon/pcl/data/p/desktop/emacs/desktop/scratch/perl--cpan--Math-GSL--github--travis-test/math-gsl-test/gsl/src/gsl-2.5/permutation'
make[2]: Nothing to be done for 'install-exec-am'.
 /bin/mkdir -p '/home/hakon/pcl/data/p/desktop/emacs/desktop/scratch/perl--cpan--Math-GSL--github--travis-test/math-gsl-test/gsl/gsl-2.5/include/gsl'
 /bin/install -c -m 644 gsl_permutation.h gsl_permute.h gsl_permute_char.h gsl_permute_complex_double.h gsl_permute_complex_float.h gsl_permute_complex_long_double.h gsl_permute_double.h gsl_permute_float.h gsl_permute_int.h gsl_permute_long.h gsl_permute_long_double.h gsl_permute_short.h gsl_permute_uchar.h gsl_permute_uint.h gsl_permute_ulong.h gsl_permute_ushort.h gsl_permute_vector.h gsl_permute_vector_char.h gsl_permute_vector_complex_double.h gsl_permute_vector_complex_float.h gsl_permute_vector_complex_long_double.h gsl_permute_vector_double.h gsl_permute_vector_float.h gsl_permute_vector_int.h gsl_permute_vector_long.h gsl_permute_vector_long_double.h gsl_permute_vector_short.h gsl_permute_vector_uchar.h gsl_permute_vector_uint.h gsl_permute_vector_ulong.h gsl_permute_vector_ushort.h gsl_permute_matrix_char.h gsl_permute_matrix_complex_long_double.h gsl_permute_matrix.h gsl_permute_matrix_long.h gsl_permute_matrix_uint.h gsl_permute_matrix_complex_double.h gsl_permute_matrix_double.h gsl_permute_matrix_int.h gsl_permute_matrix_short.h '/home/hakon/pcl/data/p/desktop/emacs/desktop/scratch/perl--cpan--Math-GSL--github--travis-test/math-gsl-test/gsl/gsl-2.5/include/gsl'
 /bin/install -c -m 644 gsl_permute_matrix_ulong.h gsl_permute_matrix_complex_float.h gsl_permute_matrix_float.h gsl_permute_matrix_long_double.h gsl_permute_matrix_uchar.h gsl_permute_matrix_ushort.h '/home/hakon/pcl/data/p/desktop/emacs/desktop/scratch/perl--cpan--Math-GSL--github--travis-test/math-gsl-test/gsl/gsl-2.5/include/gsl'
make[2]: Leaving directory '/home/hakon/pcl/data/p/desktop/emacs/desktop/scratch/perl--cpan--Math-GSL--github--travis-test/math-gsl-test/gsl/src/gsl-2.5/permutation'
make[1]: Leaving directory '/home/hakon/pcl/data/p/desktop/emacs/desktop/scratch/perl--cpan--Math-GSL--github--travis-test/math-gsl-test/gsl/src/gsl-2.5/permutation'
Making install in combination
make[1]: Entering directory '/home/hakon/pcl/data/p/desktop/emacs/desktop/scratch/perl--cpan--Math-GSL--github--travis-test/math-gsl-test/gsl/src/gsl-2.5/combination'
make[2]: Entering directory '/home/hakon/pcl/data/p/desktop/emacs/desktop/scratch/perl--cpan--Math-GSL--github--travis-test/math-gsl-test/gsl/src/gsl-2.5/combination'
make[2]: Nothing to be done for 'install-exec-am'.
 /bin/mkdir -p '/home/hakon/pcl/data/p/desktop/emacs/desktop/scratch/perl--cpan--Math-GSL--github--travis-test/math-gsl-test/gsl/gsl-2.5/include/gsl'
 /bin/install -c -m 644 gsl_combination.h '/home/hakon/pcl/data/p/desktop/emacs/desktop/scratch/perl--cpan--Math-GSL--github--travis-test/math-gsl-test/gsl/gsl-2.5/include/gsl'
make[2]: Leaving directory '/home/hakon/pcl/data/p/desktop/emacs/desktop/scratch/perl--cpan--Math-GSL--github--travis-test/math-gsl-test/gsl/src/gsl-2.5/combination'
make[1]: Leaving directory '/home/hakon/pcl/data/p/desktop/emacs/desktop/scratch/perl--cpan--Math-GSL--github--travis-test/math-gsl-test/gsl/src/gsl-2.5/combination'
Making install in multiset
make[1]: Entering directory '/home/hakon/pcl/data/p/desktop/emacs/desktop/scratch/perl--cpan--Math-GSL--github--travis-test/math-gsl-test/gsl/src/gsl-2.5/multiset'
make[2]: Entering directory '/home/hakon/pcl/data/p/desktop/emacs/desktop/scratch/perl--cpan--Math-GSL--github--travis-test/math-gsl-test/gsl/src/gsl-2.5/multiset'
make[2]: Nothing to be done for 'install-exec-am'.
 /bin/mkdir -p '/home/hakon/pcl/data/p/desktop/emacs/desktop/scratch/perl--cpan--Math-GSL--github--travis-test/math-gsl-test/gsl/gsl-2.5/include/gsl'
 /bin/install -c -m 644 gsl_multiset.h '/home/hakon/pcl/data/p/desktop/emacs/desktop/scratch/perl--cpan--Math-GSL--github--travis-test/math-gsl-test/gsl/gsl-2.5/include/gsl'
make[2]: Leaving directory '/home/hakon/pcl/data/p/desktop/emacs/desktop/scratch/perl--cpan--Math-GSL--github--travis-test/math-gsl-test/gsl/src/gsl-2.5/multiset'
make[1]: Leaving directory '/home/hakon/pcl/data/p/desktop/emacs/desktop/scratch/perl--cpan--Math-GSL--github--travis-test/math-gsl-test/gsl/src/gsl-2.5/multiset'
Making install in sort
make[1]: Entering directory '/home/hakon/pcl/data/p/desktop/emacs/desktop/scratch/perl--cpan--Math-GSL--github--travis-test/math-gsl-test/gsl/src/gsl-2.5/sort'
make[2]: Entering directory '/home/hakon/pcl/data/p/desktop/emacs/desktop/scratch/perl--cpan--Math-GSL--github--travis-test/math-gsl-test/gsl/src/gsl-2.5/sort'
make[2]: Nothing to be done for 'install-exec-am'.
 /bin/mkdir -p '/home/hakon/pcl/data/p/desktop/emacs/desktop/scratch/perl--cpan--Math-GSL--github--travis-test/math-gsl-test/gsl/gsl-2.5/include/gsl'
 /bin/install -c -m 644 gsl_heapsort.h gsl_sort.h gsl_sort_char.h gsl_sort_double.h gsl_sort_float.h gsl_sort_int.h gsl_sort_long.h gsl_sort_long_double.h gsl_sort_short.h gsl_sort_uchar.h gsl_sort_uint.h gsl_sort_ulong.h gsl_sort_ushort.h gsl_sort_vector.h gsl_sort_vector_char.h gsl_sort_vector_double.h gsl_sort_vector_float.h gsl_sort_vector_int.h gsl_sort_vector_long.h gsl_sort_vector_long_double.h gsl_sort_vector_short.h gsl_sort_vector_uchar.h gsl_sort_vector_uint.h gsl_sort_vector_ulong.h gsl_sort_vector_ushort.h '/home/hakon/pcl/data/p/desktop/emacs/desktop/scratch/perl--cpan--Math-GSL--github--travis-test/math-gsl-test/gsl/gsl-2.5/include/gsl'
make[2]: Leaving directory '/home/hakon/pcl/data/p/desktop/emacs/desktop/scratch/perl--cpan--Math-GSL--github--travis-test/math-gsl-test/gsl/src/gsl-2.5/sort'
make[1]: Leaving directory '/home/hakon/pcl/data/p/desktop/emacs/desktop/scratch/perl--cpan--Math-GSL--github--travis-test/math-gsl-test/gsl/src/gsl-2.5/sort'
Making install in ieee-utils
make[1]: Entering directory '/home/hakon/pcl/data/p/desktop/emacs/desktop/scratch/perl--cpan--Math-GSL--github--travis-test/math-gsl-test/gsl/src/gsl-2.5/ieee-utils'
make[2]: Entering directory '/home/hakon/pcl/data/p/desktop/emacs/desktop/scratch/perl--cpan--Math-GSL--github--travis-test/math-gsl-test/gsl/src/gsl-2.5/ieee-utils'
make[2]: Nothing to be done for 'install-exec-am'.
 /bin/mkdir -p '/home/hakon/pcl/data/p/desktop/emacs/desktop/scratch/perl--cpan--Math-GSL--github--travis-test/math-gsl-test/gsl/gsl-2.5/include/gsl'
 /bin/install -c -m 644 gsl_ieee_utils.h '/home/hakon/pcl/data/p/desktop/emacs/desktop/scratch/perl--cpan--Math-GSL--github--travis-test/math-gsl-test/gsl/gsl-2.5/include/gsl'
make[2]: Leaving directory '/home/hakon/pcl/data/p/desktop/emacs/desktop/scratch/perl--cpan--Math-GSL--github--travis-test/math-gsl-test/gsl/src/gsl-2.5/ieee-utils'
make[1]: Leaving directory '/home/hakon/pcl/data/p/desktop/emacs/desktop/scratch/perl--cpan--Math-GSL--github--travis-test/math-gsl-test/gsl/src/gsl-2.5/ieee-utils'
Making install in cblas
make[1]: Entering directory '/home/hakon/pcl/data/p/desktop/emacs/desktop/scratch/perl--cpan--Math-GSL--github--travis-test/math-gsl-test/gsl/src/gsl-2.5/cblas'
make[2]: Entering directory '/home/hakon/pcl/data/p/desktop/emacs/desktop/scratch/perl--cpan--Math-GSL--github--travis-test/math-gsl-test/gsl/src/gsl-2.5/cblas'
 /bin/mkdir -p '/home/hakon/pcl/data/p/desktop/emacs/desktop/scratch/perl--cpan--Math-GSL--github--travis-test/math-gsl-test/gsl/gsl-2.5/lib'
 /bin/mkdir -p '/home/hakon/pcl/data/p/desktop/emacs/desktop/scratch/perl--cpan--Math-GSL--github--travis-test/math-gsl-test/gsl/gsl-2.5/include/gsl'
 /bin/bash ../libtool   --mode=install /bin/install -c   libgslcblas.la '/home/hakon/pcl/data/p/desktop/emacs/desktop/scratch/perl--cpan--Math-GSL--github--travis-test/math-gsl-test/gsl/gsl-2.5/lib'
 /bin/install -c -m 644 gsl_cblas.h '/home/hakon/pcl/data/p/desktop/emacs/desktop/scratch/perl--cpan--Math-GSL--github--travis-test/math-gsl-test/gsl/gsl-2.5/include/gsl'
libtool: install: /bin/install -c .libs/libgslcblas.so.0.0.0 /home/hakon/pcl/data/p/desktop/emacs/desktop/scratch/perl--cpan--Math-GSL--github--travis-test/math-gsl-test/gsl/gsl-2.5/lib/libgslcblas.so.0.0.0
libtool: install: (cd /home/hakon/pcl/data/p/desktop/emacs/desktop/scratch/perl--cpan--Math-GSL--github--travis-test/math-gsl-test/gsl/gsl-2.5/lib && { ln -s -f libgslcblas.so.0.0.0 libgslcblas.so.0 || { rm -f libgslcblas.so.0 && ln -s libgslcblas.so.0.0.0 libgslcblas.so.0; }; })
libtool: install: (cd /home/hakon/pcl/data/p/desktop/emacs/desktop/scratch/perl--cpan--Math-GSL--github--travis-test/math-gsl-test/gsl/gsl-2.5/lib && { ln -s -f libgslcblas.so.0.0.0 libgslcblas.so || { rm -f libgslcblas.so && ln -s libgslcblas.so.0.0.0 libgslcblas.so; }; })
libtool: install: /bin/install -c .libs/libgslcblas.lai /home/hakon/pcl/data/p/desktop/emacs/desktop/scratch/perl--cpan--Math-GSL--github--travis-test/math-gsl-test/gsl/gsl-2.5/lib/libgslcblas.la
libtool: install: /bin/install -c .libs/libgslcblas.a /home/hakon/pcl/data/p/desktop/emacs/desktop/scratch/perl--cpan--Math-GSL--github--travis-test/math-gsl-test/gsl/gsl-2.5/lib/libgslcblas.a
libtool: install: chmod 644 /home/hakon/pcl/data/p/desktop/emacs/desktop/scratch/perl--cpan--Math-GSL--github--travis-test/math-gsl-test/gsl/gsl-2.5/lib/libgslcblas.a
libtool: install: ranlib /home/hakon/pcl/data/p/desktop/emacs/desktop/scratch/perl--cpan--Math-GSL--github--travis-test/math-gsl-test/gsl/gsl-2.5/lib/libgslcblas.a
libtool: finish: PATH="/home/hakon/.pyenv/shims:/home/hakon/.pyenv/bin:/home/hakon/perlbrew/bin:/home/hakon/perlbrew/perls/perl-5.28.1/bin:/opt/emacs-26.2/bin:/home/hakon/texlive/2018/bin/x86_64-linux:/home/hakon/.rakudobrew/moar-master/install/share/perl6/site/bin:/home/hakon/.rakudobrew/bin:/bin:/usr/bin:/sbin:/usr/local/bin:/usr/sbin:/snap/bin:/home/hakon/bin:/home/hakon/bib/bin:.:/home/hakon/.local/bin:/home/hakon/projects_early_phase/LCSANS-2013/tough2/bin:/home/hakon/projects_early_phase/LCSANS-2013/bin:/opt/android-studio/bin:/home/hakon/pcl/data/opmpb/opm/install/bleed/opm-common/build/bin:/home/hakon/pcl/data/opmpb/opm/install/bleed/opm-simulators/build/bin:/home/hakon/Android/Sdk/tools:/home/hakon/Android/Sdk/tools/bin:/home/hakon/pcl/fw/p/bin:/home/hakon/pcl/fw/bigq5/bin:/home/hakon/pcl/fw/ci/bin:/home/hakon/pcl/fw/es/bin:/home/hakon/pcl/fw/ios/bin:/home/hakon/pcl/fw/micap/bin:/home/hakon/pcl/fw/micap2/bin:/home/hakon/pcl/fw/norce/bin:/home/hakon/pcl/fw/opmpb/bin:/home/hakon/pcl/fw/pp/bin:/home/hakon/pcl/fw/prj/bin:/home/hakon/projects_early_phase/LCSANS-2013/tough2/cases/co2simfx/bin:/home/hakon/.fzf/bin:/sbin" ldconfig -n /home/hakon/pcl/data/p/desktop/emacs/desktop/scratch/perl--cpan--Math-GSL--github--travis-test/math-gsl-test/gsl/gsl-2.5/lib
----------------------------------------------------------------------
Libraries have been installed in:
   /home/hakon/pcl/data/p/desktop/emacs/desktop/scratch/perl--cpan--Math-GSL--github--travis-test/math-gsl-test/gsl/gsl-2.5/lib

If you ever happen to want to link against installed libraries
in a given directory, LIBDIR, you must either use libtool, and
specify the full pathname of the library, or use the `-LLIBDIR'
flag during linking and do at least one of the following:
   - add LIBDIR to the `LD_LIBRARY_PATH' environment variable
     during execution
   - add LIBDIR to the `LD_RUN_PATH' environment variable
     during linking
   - use the `-Wl,-rpath -Wl,LIBDIR' linker flag
   - have your system administrator add LIBDIR to `/etc/ld.so.conf'

See any operating system documentation about shared libraries for
more information, such as the ld(1) and ld.so(8) manual pages.
----------------------------------------------------------------------
make[2]: Leaving directory '/home/hakon/pcl/data/p/desktop/emacs/desktop/scratch/perl--cpan--Math-GSL--github--travis-test/math-gsl-test/gsl/src/gsl-2.5/cblas'
make[1]: Leaving directory '/home/hakon/pcl/data/p/desktop/emacs/desktop/scratch/perl--cpan--Math-GSL--github--travis-test/math-gsl-test/gsl/src/gsl-2.5/cblas'
Making install in blas
make[1]: Entering directory '/home/hakon/pcl/data/p/desktop/emacs/desktop/scratch/perl--cpan--Math-GSL--github--travis-test/math-gsl-test/gsl/src/gsl-2.5/blas'
make[2]: Entering directory '/home/hakon/pcl/data/p/desktop/emacs/desktop/scratch/perl--cpan--Math-GSL--github--travis-test/math-gsl-test/gsl/src/gsl-2.5/blas'
make[2]: Nothing to be done for 'install-exec-am'.
 /bin/mkdir -p '/home/hakon/pcl/data/p/desktop/emacs/desktop/scratch/perl--cpan--Math-GSL--github--travis-test/math-gsl-test/gsl/gsl-2.5/include/gsl'
 /bin/install -c -m 644 gsl_blas.h gsl_blas_types.h '/home/hakon/pcl/data/p/desktop/emacs/desktop/scratch/perl--cpan--Math-GSL--github--travis-test/math-gsl-test/gsl/gsl-2.5/include/gsl'
make[2]: Leaving directory '/home/hakon/pcl/data/p/desktop/emacs/desktop/scratch/perl--cpan--Math-GSL--github--travis-test/math-gsl-test/gsl/src/gsl-2.5/blas'
make[1]: Leaving directory '/home/hakon/pcl/data/p/desktop/emacs/desktop/scratch/perl--cpan--Math-GSL--github--travis-test/math-gsl-test/gsl/src/gsl-2.5/blas'
Making install in linalg
make[1]: Entering directory '/home/hakon/pcl/data/p/desktop/emacs/desktop/scratch/perl--cpan--Math-GSL--github--travis-test/math-gsl-test/gsl/src/gsl-2.5/linalg'
make[2]: Entering directory '/home/hakon/pcl/data/p/desktop/emacs/desktop/scratch/perl--cpan--Math-GSL--github--travis-test/math-gsl-test/gsl/src/gsl-2.5/linalg'
make[2]: Nothing to be done for 'install-exec-am'.
 /bin/mkdir -p '/home/hakon/pcl/data/p/desktop/emacs/desktop/scratch/perl--cpan--Math-GSL--github--travis-test/math-gsl-test/gsl/gsl-2.5/include/gsl'
 /bin/install -c -m 644 gsl_linalg.h '/home/hakon/pcl/data/p/desktop/emacs/desktop/scratch/perl--cpan--Math-GSL--github--travis-test/math-gsl-test/gsl/gsl-2.5/include/gsl'
make[2]: Leaving directory '/home/hakon/pcl/data/p/desktop/emacs/desktop/scratch/perl--cpan--Math-GSL--github--travis-test/math-gsl-test/gsl/src/gsl-2.5/linalg'
make[1]: Leaving directory '/home/hakon/pcl/data/p/desktop/emacs/desktop/scratch/perl--cpan--Math-GSL--github--travis-test/math-gsl-test/gsl/src/gsl-2.5/linalg'
Making install in eigen
make[1]: Entering directory '/home/hakon/pcl/data/p/desktop/emacs/desktop/scratch/perl--cpan--Math-GSL--github--travis-test/math-gsl-test/gsl/src/gsl-2.5/eigen'
make[2]: Entering directory '/home/hakon/pcl/data/p/desktop/emacs/desktop/scratch/perl--cpan--Math-GSL--github--travis-test/math-gsl-test/gsl/src/gsl-2.5/eigen'
make[2]: Nothing to be done for 'install-exec-am'.
 /bin/mkdir -p '/home/hakon/pcl/data/p/desktop/emacs/desktop/scratch/perl--cpan--Math-GSL--github--travis-test/math-gsl-test/gsl/gsl-2.5/include/gsl'
 /bin/install -c -m 644 gsl_eigen.h '/home/hakon/pcl/data/p/desktop/emacs/desktop/scratch/perl--cpan--Math-GSL--github--travis-test/math-gsl-test/gsl/gsl-2.5/include/gsl'
make[2]: Leaving directory '/home/hakon/pcl/data/p/desktop/emacs/desktop/scratch/perl--cpan--Math-GSL--github--travis-test/math-gsl-test/gsl/src/gsl-2.5/eigen'
make[1]: Leaving directory '/home/hakon/pcl/data/p/desktop/emacs/desktop/scratch/perl--cpan--Math-GSL--github--travis-test/math-gsl-test/gsl/src/gsl-2.5/eigen'
Making install in specfunc
make[1]: Entering directory '/home/hakon/pcl/data/p/desktop/emacs/desktop/scratch/perl--cpan--Math-GSL--github--travis-test/math-gsl-test/gsl/src/gsl-2.5/specfunc'
make[2]: Entering directory '/home/hakon/pcl/data/p/desktop/emacs/desktop/scratch/perl--cpan--Math-GSL--github--travis-test/math-gsl-test/gsl/src/gsl-2.5/specfunc'
make[2]: Nothing to be done for 'install-exec-am'.
 /bin/mkdir -p '/home/hakon/pcl/data/p/desktop/emacs/desktop/scratch/perl--cpan--Math-GSL--github--travis-test/math-gsl-test/gsl/gsl-2.5/include/gsl'
 /bin/install -c -m 644 gsl_sf.h gsl_sf_airy.h gsl_sf_bessel.h gsl_sf_clausen.h gsl_sf_coulomb.h gsl_sf_coupling.h gsl_sf_dawson.h gsl_sf_debye.h gsl_sf_dilog.h gsl_sf_elementary.h gsl_sf_ellint.h gsl_sf_elljac.h gsl_sf_erf.h gsl_sf_exp.h gsl_sf_expint.h gsl_sf_fermi_dirac.h gsl_sf_gamma.h gsl_sf_gegenbauer.h gsl_sf_hermite.h gsl_sf_hyperg.h gsl_sf_laguerre.h gsl_sf_lambert.h gsl_sf_legendre.h gsl_sf_log.h gsl_sf_mathieu.h gsl_sf_pow_int.h gsl_sf_psi.h gsl_sf_result.h gsl_sf_sincos_pi.h gsl_sf_synchrotron.h gsl_sf_transport.h gsl_sf_trig.h gsl_sf_zeta.h gsl_specfunc.h '/home/hakon/pcl/data/p/desktop/emacs/desktop/scratch/perl--cpan--Math-GSL--github--travis-test/math-gsl-test/gsl/gsl-2.5/include/gsl'
make[2]: Leaving directory '/home/hakon/pcl/data/p/desktop/emacs/desktop/scratch/perl--cpan--Math-GSL--github--travis-test/math-gsl-test/gsl/src/gsl-2.5/specfunc'
make[1]: Leaving directory '/home/hakon/pcl/data/p/desktop/emacs/desktop/scratch/perl--cpan--Math-GSL--github--travis-test/math-gsl-test/gsl/src/gsl-2.5/specfunc'
Making install in dht
make[1]: Entering directory '/home/hakon/pcl/data/p/desktop/emacs/desktop/scratch/perl--cpan--Math-GSL--github--travis-test/math-gsl-test/gsl/src/gsl-2.5/dht'
make[2]: Entering directory '/home/hakon/pcl/data/p/desktop/emacs/desktop/scratch/perl--cpan--Math-GSL--github--travis-test/math-gsl-test/gsl/src/gsl-2.5/dht'
make[2]: Nothing to be done for 'install-exec-am'.
 /bin/mkdir -p '/home/hakon/pcl/data/p/desktop/emacs/desktop/scratch/perl--cpan--Math-GSL--github--travis-test/math-gsl-test/gsl/gsl-2.5/include/gsl'
 /bin/install -c -m 644 gsl_dht.h '/home/hakon/pcl/data/p/desktop/emacs/desktop/scratch/perl--cpan--Math-GSL--github--travis-test/math-gsl-test/gsl/gsl-2.5/include/gsl'
make[2]: Leaving directory '/home/hakon/pcl/data/p/desktop/emacs/desktop/scratch/perl--cpan--Math-GSL--github--travis-test/math-gsl-test/gsl/src/gsl-2.5/dht'
make[1]: Leaving directory '/home/hakon/pcl/data/p/desktop/emacs/desktop/scratch/perl--cpan--Math-GSL--github--travis-test/math-gsl-test/gsl/src/gsl-2.5/dht'
Making install in qrng
make[1]: Entering directory '/home/hakon/pcl/data/p/desktop/emacs/desktop/scratch/perl--cpan--Math-GSL--github--travis-test/math-gsl-test/gsl/src/gsl-2.5/qrng'
make[2]: Entering directory '/home/hakon/pcl/data/p/desktop/emacs/desktop/scratch/perl--cpan--Math-GSL--github--travis-test/math-gsl-test/gsl/src/gsl-2.5/qrng'
make[2]: Nothing to be done for 'install-exec-am'.
 /bin/mkdir -p '/home/hakon/pcl/data/p/desktop/emacs/desktop/scratch/perl--cpan--Math-GSL--github--travis-test/math-gsl-test/gsl/gsl-2.5/include/gsl'
 /bin/install -c -m 644 gsl_qrng.h '/home/hakon/pcl/data/p/desktop/emacs/desktop/scratch/perl--cpan--Math-GSL--github--travis-test/math-gsl-test/gsl/gsl-2.5/include/gsl'
make[2]: Leaving directory '/home/hakon/pcl/data/p/desktop/emacs/desktop/scratch/perl--cpan--Math-GSL--github--travis-test/math-gsl-test/gsl/src/gsl-2.5/qrng'
make[1]: Leaving directory '/home/hakon/pcl/data/p/desktop/emacs/desktop/scratch/perl--cpan--Math-GSL--github--travis-test/math-gsl-test/gsl/src/gsl-2.5/qrng'
Making install in rng
make[1]: Entering directory '/home/hakon/pcl/data/p/desktop/emacs/desktop/scratch/perl--cpan--Math-GSL--github--travis-test/math-gsl-test/gsl/src/gsl-2.5/rng'
make[2]: Entering directory '/home/hakon/pcl/data/p/desktop/emacs/desktop/scratch/perl--cpan--Math-GSL--github--travis-test/math-gsl-test/gsl/src/gsl-2.5/rng'
make[2]: Nothing to be done for 'install-exec-am'.
 /bin/mkdir -p '/home/hakon/pcl/data/p/desktop/emacs/desktop/scratch/perl--cpan--Math-GSL--github--travis-test/math-gsl-test/gsl/gsl-2.5/include/gsl'
 /bin/install -c -m 644 gsl_rng.h '/home/hakon/pcl/data/p/desktop/emacs/desktop/scratch/perl--cpan--Math-GSL--github--travis-test/math-gsl-test/gsl/gsl-2.5/include/gsl'
make[2]: Leaving directory '/home/hakon/pcl/data/p/desktop/emacs/desktop/scratch/perl--cpan--Math-GSL--github--travis-test/math-gsl-test/gsl/src/gsl-2.5/rng'
make[1]: Leaving directory '/home/hakon/pcl/data/p/desktop/emacs/desktop/scratch/perl--cpan--Math-GSL--github--travis-test/math-gsl-test/gsl/src/gsl-2.5/rng'
Making install in randist
make[1]: Entering directory '/home/hakon/pcl/data/p/desktop/emacs/desktop/scratch/perl--cpan--Math-GSL--github--travis-test/math-gsl-test/gsl/src/gsl-2.5/randist'
make[2]: Entering directory '/home/hakon/pcl/data/p/desktop/emacs/desktop/scratch/perl--cpan--Math-GSL--github--travis-test/math-gsl-test/gsl/src/gsl-2.5/randist'
make[2]: Nothing to be done for 'install-exec-am'.
 /bin/mkdir -p '/home/hakon/pcl/data/p/desktop/emacs/desktop/scratch/perl--cpan--Math-GSL--github--travis-test/math-gsl-test/gsl/gsl-2.5/include/gsl'
 /bin/install -c -m 644 gsl_randist.h '/home/hakon/pcl/data/p/desktop/emacs/desktop/scratch/perl--cpan--Math-GSL--github--travis-test/math-gsl-test/gsl/gsl-2.5/include/gsl'
make[2]: Leaving directory '/home/hakon/pcl/data/p/desktop/emacs/desktop/scratch/perl--cpan--Math-GSL--github--travis-test/math-gsl-test/gsl/src/gsl-2.5/randist'
make[1]: Leaving directory '/home/hakon/pcl/data/p/desktop/emacs/desktop/scratch/perl--cpan--Math-GSL--github--travis-test/math-gsl-test/gsl/src/gsl-2.5/randist'
Making install in fft
make[1]: Entering directory '/home/hakon/pcl/data/p/desktop/emacs/desktop/scratch/perl--cpan--Math-GSL--github--travis-test/math-gsl-test/gsl/src/gsl-2.5/fft'
make[2]: Entering directory '/home/hakon/pcl/data/p/desktop/emacs/desktop/scratch/perl--cpan--Math-GSL--github--travis-test/math-gsl-test/gsl/src/gsl-2.5/fft'
make[2]: Nothing to be done for 'install-exec-am'.
 /bin/mkdir -p '/home/hakon/pcl/data/p/desktop/emacs/desktop/scratch/perl--cpan--Math-GSL--github--travis-test/math-gsl-test/gsl/gsl-2.5/include/gsl'
 /bin/install -c -m 644 gsl_fft.h gsl_fft_complex.h gsl_fft_halfcomplex.h gsl_fft_real.h gsl_dft_complex.h gsl_dft_complex_float.h gsl_fft_complex_float.h gsl_fft_halfcomplex_float.h gsl_fft_real_float.h '/home/hakon/pcl/data/p/desktop/emacs/desktop/scratch/perl--cpan--Math-GSL--github--travis-test/math-gsl-test/gsl/gsl-2.5/include/gsl'
make[2]: Leaving directory '/home/hakon/pcl/data/p/desktop/emacs/desktop/scratch/perl--cpan--Math-GSL--github--travis-test/math-gsl-test/gsl/src/gsl-2.5/fft'
make[1]: Leaving directory '/home/hakon/pcl/data/p/desktop/emacs/desktop/scratch/perl--cpan--Math-GSL--github--travis-test/math-gsl-test/gsl/src/gsl-2.5/fft'
Making install in poly
make[1]: Entering directory '/home/hakon/pcl/data/p/desktop/emacs/desktop/scratch/perl--cpan--Math-GSL--github--travis-test/math-gsl-test/gsl/src/gsl-2.5/poly'
make[2]: Entering directory '/home/hakon/pcl/data/p/desktop/emacs/desktop/scratch/perl--cpan--Math-GSL--github--travis-test/math-gsl-test/gsl/src/gsl-2.5/poly'
make[2]: Nothing to be done for 'install-exec-am'.
 /bin/mkdir -p '/home/hakon/pcl/data/p/desktop/emacs/desktop/scratch/perl--cpan--Math-GSL--github--travis-test/math-gsl-test/gsl/gsl-2.5/include/gsl'
 /bin/install -c -m 644 gsl_poly.h '/home/hakon/pcl/data/p/desktop/emacs/desktop/scratch/perl--cpan--Math-GSL--github--travis-test/math-gsl-test/gsl/gsl-2.5/include/gsl'
make[2]: Leaving directory '/home/hakon/pcl/data/p/desktop/emacs/desktop/scratch/perl--cpan--Math-GSL--github--travis-test/math-gsl-test/gsl/src/gsl-2.5/poly'
make[1]: Leaving directory '/home/hakon/pcl/data/p/desktop/emacs/desktop/scratch/perl--cpan--Math-GSL--github--travis-test/math-gsl-test/gsl/src/gsl-2.5/poly'
Making install in fit
make[1]: Entering directory '/home/hakon/pcl/data/p/desktop/emacs/desktop/scratch/perl--cpan--Math-GSL--github--travis-test/math-gsl-test/gsl/src/gsl-2.5/fit'
make[2]: Entering directory '/home/hakon/pcl/data/p/desktop/emacs/desktop/scratch/perl--cpan--Math-GSL--github--travis-test/math-gsl-test/gsl/src/gsl-2.5/fit'
make[2]: Nothing to be done for 'install-exec-am'.
 /bin/mkdir -p '/home/hakon/pcl/data/p/desktop/emacs/desktop/scratch/perl--cpan--Math-GSL--github--travis-test/math-gsl-test/gsl/gsl-2.5/include/gsl'
 /bin/install -c -m 644 gsl_fit.h '/home/hakon/pcl/data/p/desktop/emacs/desktop/scratch/perl--cpan--Math-GSL--github--travis-test/math-gsl-test/gsl/gsl-2.5/include/gsl'
make[2]: Leaving directory '/home/hakon/pcl/data/p/desktop/emacs/desktop/scratch/perl--cpan--Math-GSL--github--travis-test/math-gsl-test/gsl/src/gsl-2.5/fit'
make[1]: Leaving directory '/home/hakon/pcl/data/p/desktop/emacs/desktop/scratch/perl--cpan--Math-GSL--github--travis-test/math-gsl-test/gsl/src/gsl-2.5/fit'
Making install in multifit
make[1]: Entering directory '/home/hakon/pcl/data/p/desktop/emacs/desktop/scratch/perl--cpan--Math-GSL--github--travis-test/math-gsl-test/gsl/src/gsl-2.5/multifit'
make[2]: Entering directory '/home/hakon/pcl/data/p/desktop/emacs/desktop/scratch/perl--cpan--Math-GSL--github--travis-test/math-gsl-test/gsl/src/gsl-2.5/multifit'
make[2]: Nothing to be done for 'install-exec-am'.
 /bin/mkdir -p '/home/hakon/pcl/data/p/desktop/emacs/desktop/scratch/perl--cpan--Math-GSL--github--travis-test/math-gsl-test/gsl/gsl-2.5/include/gsl'
 /bin/install -c -m 644 gsl_multifit.h gsl_multifit_nlin.h '/home/hakon/pcl/data/p/desktop/emacs/desktop/scratch/perl--cpan--Math-GSL--github--travis-test/math-gsl-test/gsl/gsl-2.5/include/gsl'
make[2]: Leaving directory '/home/hakon/pcl/data/p/desktop/emacs/desktop/scratch/perl--cpan--Math-GSL--github--travis-test/math-gsl-test/gsl/src/gsl-2.5/multifit'
make[1]: Leaving directory '/home/hakon/pcl/data/p/desktop/emacs/desktop/scratch/perl--cpan--Math-GSL--github--travis-test/math-gsl-test/gsl/src/gsl-2.5/multifit'
Making install in multifit_nlinear
make[1]: Entering directory '/home/hakon/pcl/data/p/desktop/emacs/desktop/scratch/perl--cpan--Math-GSL--github--travis-test/math-gsl-test/gsl/src/gsl-2.5/multifit_nlinear'
make[2]: Entering directory '/home/hakon/pcl/data/p/desktop/emacs/desktop/scratch/perl--cpan--Math-GSL--github--travis-test/math-gsl-test/gsl/src/gsl-2.5/multifit_nlinear'
make[2]: Nothing to be done for 'install-exec-am'.
 /bin/mkdir -p '/home/hakon/pcl/data/p/desktop/emacs/desktop/scratch/perl--cpan--Math-GSL--github--travis-test/math-gsl-test/gsl/gsl-2.5/include/gsl'
 /bin/install -c -m 644 gsl_multifit_nlinear.h '/home/hakon/pcl/data/p/desktop/emacs/desktop/scratch/perl--cpan--Math-GSL--github--travis-test/math-gsl-test/gsl/gsl-2.5/include/gsl'
make[2]: Leaving directory '/home/hakon/pcl/data/p/desktop/emacs/desktop/scratch/perl--cpan--Math-GSL--github--travis-test/math-gsl-test/gsl/src/gsl-2.5/multifit_nlinear'
make[1]: Leaving directory '/home/hakon/pcl/data/p/desktop/emacs/desktop/scratch/perl--cpan--Math-GSL--github--travis-test/math-gsl-test/gsl/src/gsl-2.5/multifit_nlinear'
Making install in multilarge
make[1]: Entering directory '/home/hakon/pcl/data/p/desktop/emacs/desktop/scratch/perl--cpan--Math-GSL--github--travis-test/math-gsl-test/gsl/src/gsl-2.5/multilarge'
make[2]: Entering directory '/home/hakon/pcl/data/p/desktop/emacs/desktop/scratch/perl--cpan--Math-GSL--github--travis-test/math-gsl-test/gsl/src/gsl-2.5/multilarge'
make[2]: Nothing to be done for 'install-exec-am'.
 /bin/mkdir -p '/home/hakon/pcl/data/p/desktop/emacs/desktop/scratch/perl--cpan--Math-GSL--github--travis-test/math-gsl-test/gsl/gsl-2.5/include/gsl'
 /bin/install -c -m 644 gsl_multilarge.h '/home/hakon/pcl/data/p/desktop/emacs/desktop/scratch/perl--cpan--Math-GSL--github--travis-test/math-gsl-test/gsl/gsl-2.5/include/gsl'
make[2]: Leaving directory '/home/hakon/pcl/data/p/desktop/emacs/desktop/scratch/perl--cpan--Math-GSL--github--travis-test/math-gsl-test/gsl/src/gsl-2.5/multilarge'
make[1]: Leaving directory '/home/hakon/pcl/data/p/desktop/emacs/desktop/scratch/perl--cpan--Math-GSL--github--travis-test/math-gsl-test/gsl/src/gsl-2.5/multilarge'
Making install in multilarge_nlinear
make[1]: Entering directory '/home/hakon/pcl/data/p/desktop/emacs/desktop/scratch/perl--cpan--Math-GSL--github--travis-test/math-gsl-test/gsl/src/gsl-2.5/multilarge_nlinear'
make[2]: Entering directory '/home/hakon/pcl/data/p/desktop/emacs/desktop/scratch/perl--cpan--Math-GSL--github--travis-test/math-gsl-test/gsl/src/gsl-2.5/multilarge_nlinear'
make[2]: Nothing to be done for 'install-exec-am'.
 /bin/mkdir -p '/home/hakon/pcl/data/p/desktop/emacs/desktop/scratch/perl--cpan--Math-GSL--github--travis-test/math-gsl-test/gsl/gsl-2.5/include/gsl'
 /bin/install -c -m 644 gsl_multilarge_nlinear.h '/home/hakon/pcl/data/p/desktop/emacs/desktop/scratch/perl--cpan--Math-GSL--github--travis-test/math-gsl-test/gsl/gsl-2.5/include/gsl'
make[2]: Leaving directory '/home/hakon/pcl/data/p/desktop/emacs/desktop/scratch/perl--cpan--Math-GSL--github--travis-test/math-gsl-test/gsl/src/gsl-2.5/multilarge_nlinear'
make[1]: Leaving directory '/home/hakon/pcl/data/p/desktop/emacs/desktop/scratch/perl--cpan--Math-GSL--github--travis-test/math-gsl-test/gsl/src/gsl-2.5/multilarge_nlinear'
Making install in filter
make[1]: Entering directory '/home/hakon/pcl/data/p/desktop/emacs/desktop/scratch/perl--cpan--Math-GSL--github--travis-test/math-gsl-test/gsl/src/gsl-2.5/filter'
make[2]: Entering directory '/home/hakon/pcl/data/p/desktop/emacs/desktop/scratch/perl--cpan--Math-GSL--github--travis-test/math-gsl-test/gsl/src/gsl-2.5/filter'
make[2]: Nothing to be done for 'install-exec-am'.
 /bin/mkdir -p '/home/hakon/pcl/data/p/desktop/emacs/desktop/scratch/perl--cpan--Math-GSL--github--travis-test/math-gsl-test/gsl/gsl-2.5/include/gsl'
 /bin/install -c -m 644 gsl_filter.h '/home/hakon/pcl/data/p/desktop/emacs/desktop/scratch/perl--cpan--Math-GSL--github--travis-test/math-gsl-test/gsl/gsl-2.5/include/gsl'
make[2]: Leaving directory '/home/hakon/pcl/data/p/desktop/emacs/desktop/scratch/perl--cpan--Math-GSL--github--travis-test/math-gsl-test/gsl/src/gsl-2.5/filter'
make[1]: Leaving directory '/home/hakon/pcl/data/p/desktop/emacs/desktop/scratch/perl--cpan--Math-GSL--github--travis-test/math-gsl-test/gsl/src/gsl-2.5/filter'
Making install in movstat
make[1]: Entering directory '/home/hakon/pcl/data/p/desktop/emacs/desktop/scratch/perl--cpan--Math-GSL--github--travis-test/math-gsl-test/gsl/src/gsl-2.5/movstat'
make[2]: Entering directory '/home/hakon/pcl/data/p/desktop/emacs/desktop/scratch/perl--cpan--Math-GSL--github--travis-test/math-gsl-test/gsl/src/gsl-2.5/movstat'
make[2]: Nothing to be done for 'install-exec-am'.
 /bin/mkdir -p '/home/hakon/pcl/data/p/desktop/emacs/desktop/scratch/perl--cpan--Math-GSL--github--travis-test/math-gsl-test/gsl/gsl-2.5/include/gsl'
 /bin/install -c -m 644 gsl_movstat.h '/home/hakon/pcl/data/p/desktop/emacs/desktop/scratch/perl--cpan--Math-GSL--github--travis-test/math-gsl-test/gsl/gsl-2.5/include/gsl'
make[2]: Leaving directory '/home/hakon/pcl/data/p/desktop/emacs/desktop/scratch/perl--cpan--Math-GSL--github--travis-test/math-gsl-test/gsl/src/gsl-2.5/movstat'
make[1]: Leaving directory '/home/hakon/pcl/data/p/desktop/emacs/desktop/scratch/perl--cpan--Math-GSL--github--travis-test/math-gsl-test/gsl/src/gsl-2.5/movstat'
Making install in rstat
make[1]: Entering directory '/home/hakon/pcl/data/p/desktop/emacs/desktop/scratch/perl--cpan--Math-GSL--github--travis-test/math-gsl-test/gsl/src/gsl-2.5/rstat'
make[2]: Entering directory '/home/hakon/pcl/data/p/desktop/emacs/desktop/scratch/perl--cpan--Math-GSL--github--travis-test/math-gsl-test/gsl/src/gsl-2.5/rstat'
make[2]: Nothing to be done for 'install-exec-am'.
 /bin/mkdir -p '/home/hakon/pcl/data/p/desktop/emacs/desktop/scratch/perl--cpan--Math-GSL--github--travis-test/math-gsl-test/gsl/gsl-2.5/include/gsl'
 /bin/install -c -m 644 gsl_rstat.h '/home/hakon/pcl/data/p/desktop/emacs/desktop/scratch/perl--cpan--Math-GSL--github--travis-test/math-gsl-test/gsl/gsl-2.5/include/gsl'
make[2]: Leaving directory '/home/hakon/pcl/data/p/desktop/emacs/desktop/scratch/perl--cpan--Math-GSL--github--travis-test/math-gsl-test/gsl/src/gsl-2.5/rstat'
make[1]: Leaving directory '/home/hakon/pcl/data/p/desktop/emacs/desktop/scratch/perl--cpan--Math-GSL--github--travis-test/math-gsl-test/gsl/src/gsl-2.5/rstat'
Making install in statistics
make[1]: Entering directory '/home/hakon/pcl/data/p/desktop/emacs/desktop/scratch/perl--cpan--Math-GSL--github--travis-test/math-gsl-test/gsl/src/gsl-2.5/statistics'
make[2]: Entering directory '/home/hakon/pcl/data/p/desktop/emacs/desktop/scratch/perl--cpan--Math-GSL--github--travis-test/math-gsl-test/gsl/src/gsl-2.5/statistics'
make[2]: Nothing to be done for 'install-exec-am'.
 /bin/mkdir -p '/home/hakon/pcl/data/p/desktop/emacs/desktop/scratch/perl--cpan--Math-GSL--github--travis-test/math-gsl-test/gsl/gsl-2.5/include/gsl'
 /bin/install -c -m 644 gsl_statistics.h gsl_statistics_char.h gsl_statistics_double.h gsl_statistics_float.h gsl_statistics_int.h gsl_statistics_long.h gsl_statistics_long_double.h gsl_statistics_short.h gsl_statistics_uchar.h gsl_statistics_uint.h gsl_statistics_ulong.h gsl_statistics_ushort.h '/home/hakon/pcl/data/p/desktop/emacs/desktop/scratch/perl--cpan--Math-GSL--github--travis-test/math-gsl-test/gsl/gsl-2.5/include/gsl'
make[2]: Leaving directory '/home/hakon/pcl/data/p/desktop/emacs/desktop/scratch/perl--cpan--Math-GSL--github--travis-test/math-gsl-test/gsl/src/gsl-2.5/statistics'
make[1]: Leaving directory '/home/hakon/pcl/data/p/desktop/emacs/desktop/scratch/perl--cpan--Math-GSL--github--travis-test/math-gsl-test/gsl/src/gsl-2.5/statistics'
Making install in siman
make[1]: Entering directory '/home/hakon/pcl/data/p/desktop/emacs/desktop/scratch/perl--cpan--Math-GSL--github--travis-test/math-gsl-test/gsl/src/gsl-2.5/siman'
make[2]: Entering directory '/home/hakon/pcl/data/p/desktop/emacs/desktop/scratch/perl--cpan--Math-GSL--github--travis-test/math-gsl-test/gsl/src/gsl-2.5/siman'
make[2]: Nothing to be done for 'install-exec-am'.
 /bin/mkdir -p '/home/hakon/pcl/data/p/desktop/emacs/desktop/scratch/perl--cpan--Math-GSL--github--travis-test/math-gsl-test/gsl/gsl-2.5/include/gsl'
 /bin/install -c -m 644 gsl_siman.h '/home/hakon/pcl/data/p/desktop/emacs/desktop/scratch/perl--cpan--Math-GSL--github--travis-test/math-gsl-test/gsl/gsl-2.5/include/gsl'
make[2]: Leaving directory '/home/hakon/pcl/data/p/desktop/emacs/desktop/scratch/perl--cpan--Math-GSL--github--travis-test/math-gsl-test/gsl/src/gsl-2.5/siman'
make[1]: Leaving directory '/home/hakon/pcl/data/p/desktop/emacs/desktop/scratch/perl--cpan--Math-GSL--github--travis-test/math-gsl-test/gsl/src/gsl-2.5/siman'
Making install in sum
make[1]: Entering directory '/home/hakon/pcl/data/p/desktop/emacs/desktop/scratch/perl--cpan--Math-GSL--github--travis-test/math-gsl-test/gsl/src/gsl-2.5/sum'
make[2]: Entering directory '/home/hakon/pcl/data/p/desktop/emacs/desktop/scratch/perl--cpan--Math-GSL--github--travis-test/math-gsl-test/gsl/src/gsl-2.5/sum'
make[2]: Nothing to be done for 'install-exec-am'.
 /bin/mkdir -p '/home/hakon/pcl/data/p/desktop/emacs/desktop/scratch/perl--cpan--Math-GSL--github--travis-test/math-gsl-test/gsl/gsl-2.5/include/gsl'
 /bin/install -c -m 644 gsl_sum.h '/home/hakon/pcl/data/p/desktop/emacs/desktop/scratch/perl--cpan--Math-GSL--github--travis-test/math-gsl-test/gsl/gsl-2.5/include/gsl'
make[2]: Leaving directory '/home/hakon/pcl/data/p/desktop/emacs/desktop/scratch/perl--cpan--Math-GSL--github--travis-test/math-gsl-test/gsl/src/gsl-2.5/sum'
make[1]: Leaving directory '/home/hakon/pcl/data/p/desktop/emacs/desktop/scratch/perl--cpan--Math-GSL--github--travis-test/math-gsl-test/gsl/src/gsl-2.5/sum'
Making install in integration
make[1]: Entering directory '/home/hakon/pcl/data/p/desktop/emacs/desktop/scratch/perl--cpan--Math-GSL--github--travis-test/math-gsl-test/gsl/src/gsl-2.5/integration'
make[2]: Entering directory '/home/hakon/pcl/data/p/desktop/emacs/desktop/scratch/perl--cpan--Math-GSL--github--travis-test/math-gsl-test/gsl/src/gsl-2.5/integration'
make[2]: Nothing to be done for 'install-exec-am'.
 /bin/mkdir -p '/home/hakon/pcl/data/p/desktop/emacs/desktop/scratch/perl--cpan--Math-GSL--github--travis-test/math-gsl-test/gsl/gsl-2.5/include/gsl'
 /bin/install -c -m 644 gsl_integration.h '/home/hakon/pcl/data/p/desktop/emacs/desktop/scratch/perl--cpan--Math-GSL--github--travis-test/math-gsl-test/gsl/gsl-2.5/include/gsl'
make[2]: Leaving directory '/home/hakon/pcl/data/p/desktop/emacs/desktop/scratch/perl--cpan--Math-GSL--github--travis-test/math-gsl-test/gsl/src/gsl-2.5/integration'
make[1]: Leaving directory '/home/hakon/pcl/data/p/desktop/emacs/desktop/scratch/perl--cpan--Math-GSL--github--travis-test/math-gsl-test/gsl/src/gsl-2.5/integration'
Making install in interpolation
make[1]: Entering directory '/home/hakon/pcl/data/p/desktop/emacs/desktop/scratch/perl--cpan--Math-GSL--github--travis-test/math-gsl-test/gsl/src/gsl-2.5/interpolation'
make[2]: Entering directory '/home/hakon/pcl/data/p/desktop/emacs/desktop/scratch/perl--cpan--Math-GSL--github--travis-test/math-gsl-test/gsl/src/gsl-2.5/interpolation'
make[2]: Nothing to be done for 'install-exec-am'.
 /bin/mkdir -p '/home/hakon/pcl/data/p/desktop/emacs/desktop/scratch/perl--cpan--Math-GSL--github--travis-test/math-gsl-test/gsl/gsl-2.5/include/gsl'
 /bin/install -c -m 644 gsl_interp.h gsl_spline.h gsl_interp2d.h gsl_spline2d.h '/home/hakon/pcl/data/p/desktop/emacs/desktop/scratch/perl--cpan--Math-GSL--github--travis-test/math-gsl-test/gsl/gsl-2.5/include/gsl'
make[2]: Leaving directory '/home/hakon/pcl/data/p/desktop/emacs/desktop/scratch/perl--cpan--Math-GSL--github--travis-test/math-gsl-test/gsl/src/gsl-2.5/interpolation'
make[1]: Leaving directory '/home/hakon/pcl/data/p/desktop/emacs/desktop/scratch/perl--cpan--Math-GSL--github--travis-test/math-gsl-test/gsl/src/gsl-2.5/interpolation'
Making install in histogram
make[1]: Entering directory '/home/hakon/pcl/data/p/desktop/emacs/desktop/scratch/perl--cpan--Math-GSL--github--travis-test/math-gsl-test/gsl/src/gsl-2.5/histogram'
make[2]: Entering directory '/home/hakon/pcl/data/p/desktop/emacs/desktop/scratch/perl--cpan--Math-GSL--github--travis-test/math-gsl-test/gsl/src/gsl-2.5/histogram'
make[2]: Nothing to be done for 'install-exec-am'.
 /bin/mkdir -p '/home/hakon/pcl/data/p/desktop/emacs/desktop/scratch/perl--cpan--Math-GSL--github--travis-test/math-gsl-test/gsl/gsl-2.5/include/gsl'
 /bin/install -c -m 644 gsl_histogram.h gsl_histogram2d.h '/home/hakon/pcl/data/p/desktop/emacs/desktop/scratch/perl--cpan--Math-GSL--github--travis-test/math-gsl-test/gsl/gsl-2.5/include/gsl'
make[2]: Leaving directory '/home/hakon/pcl/data/p/desktop/emacs/desktop/scratch/perl--cpan--Math-GSL--github--travis-test/math-gsl-test/gsl/src/gsl-2.5/histogram'
make[1]: Leaving directory '/home/hakon/pcl/data/p/desktop/emacs/desktop/scratch/perl--cpan--Math-GSL--github--travis-test/math-gsl-test/gsl/src/gsl-2.5/histogram'
Making install in ode-initval
make[1]: Entering directory '/home/hakon/pcl/data/p/desktop/emacs/desktop/scratch/perl--cpan--Math-GSL--github--travis-test/math-gsl-test/gsl/src/gsl-2.5/ode-initval'
make[2]: Entering directory '/home/hakon/pcl/data/p/desktop/emacs/desktop/scratch/perl--cpan--Math-GSL--github--travis-test/math-gsl-test/gsl/src/gsl-2.5/ode-initval'
make[2]: Nothing to be done for 'install-exec-am'.
 /bin/mkdir -p '/home/hakon/pcl/data/p/desktop/emacs/desktop/scratch/perl--cpan--Math-GSL--github--travis-test/math-gsl-test/gsl/gsl-2.5/include/gsl'
 /bin/install -c -m 644 gsl_odeiv.h '/home/hakon/pcl/data/p/desktop/emacs/desktop/scratch/perl--cpan--Math-GSL--github--travis-test/math-gsl-test/gsl/gsl-2.5/include/gsl'
make[2]: Leaving directory '/home/hakon/pcl/data/p/desktop/emacs/desktop/scratch/perl--cpan--Math-GSL--github--travis-test/math-gsl-test/gsl/src/gsl-2.5/ode-initval'
make[1]: Leaving directory '/home/hakon/pcl/data/p/desktop/emacs/desktop/scratch/perl--cpan--Math-GSL--github--travis-test/math-gsl-test/gsl/src/gsl-2.5/ode-initval'
Making install in ode-initval2
make[1]: Entering directory '/home/hakon/pcl/data/p/desktop/emacs/desktop/scratch/perl--cpan--Math-GSL--github--travis-test/math-gsl-test/gsl/src/gsl-2.5/ode-initval2'
make[2]: Entering directory '/home/hakon/pcl/data/p/desktop/emacs/desktop/scratch/perl--cpan--Math-GSL--github--travis-test/math-gsl-test/gsl/src/gsl-2.5/ode-initval2'
make[2]: Nothing to be done for 'install-exec-am'.
 /bin/mkdir -p '/home/hakon/pcl/data/p/desktop/emacs/desktop/scratch/perl--cpan--Math-GSL--github--travis-test/math-gsl-test/gsl/gsl-2.5/include/gsl'
 /bin/install -c -m 644 gsl_odeiv2.h '/home/hakon/pcl/data/p/desktop/emacs/desktop/scratch/perl--cpan--Math-GSL--github--travis-test/math-gsl-test/gsl/gsl-2.5/include/gsl'
make[2]: Leaving directory '/home/hakon/pcl/data/p/desktop/emacs/desktop/scratch/perl--cpan--Math-GSL--github--travis-test/math-gsl-test/gsl/src/gsl-2.5/ode-initval2'
make[1]: Leaving directory '/home/hakon/pcl/data/p/desktop/emacs/desktop/scratch/perl--cpan--Math-GSL--github--travis-test/math-gsl-test/gsl/src/gsl-2.5/ode-initval2'
Making install in roots
make[1]: Entering directory '/home/hakon/pcl/data/p/desktop/emacs/desktop/scratch/perl--cpan--Math-GSL--github--travis-test/math-gsl-test/gsl/src/gsl-2.5/roots'
make[2]: Entering directory '/home/hakon/pcl/data/p/desktop/emacs/desktop/scratch/perl--cpan--Math-GSL--github--travis-test/math-gsl-test/gsl/src/gsl-2.5/roots'
make[2]: Nothing to be done for 'install-exec-am'.
 /bin/mkdir -p '/home/hakon/pcl/data/p/desktop/emacs/desktop/scratch/perl--cpan--Math-GSL--github--travis-test/math-gsl-test/gsl/gsl-2.5/include/gsl'
 /bin/install -c -m 644 gsl_roots.h '/home/hakon/pcl/data/p/desktop/emacs/desktop/scratch/perl--cpan--Math-GSL--github--travis-test/math-gsl-test/gsl/gsl-2.5/include/gsl'
make[2]: Leaving directory '/home/hakon/pcl/data/p/desktop/emacs/desktop/scratch/perl--cpan--Math-GSL--github--travis-test/math-gsl-test/gsl/src/gsl-2.5/roots'
make[1]: Leaving directory '/home/hakon/pcl/data/p/desktop/emacs/desktop/scratch/perl--cpan--Math-GSL--github--travis-test/math-gsl-test/gsl/src/gsl-2.5/roots'
Making install in multiroots
make[1]: Entering directory '/home/hakon/pcl/data/p/desktop/emacs/desktop/scratch/perl--cpan--Math-GSL--github--travis-test/math-gsl-test/gsl/src/gsl-2.5/multiroots'
make[2]: Entering directory '/home/hakon/pcl/data/p/desktop/emacs/desktop/scratch/perl--cpan--Math-GSL--github--travis-test/math-gsl-test/gsl/src/gsl-2.5/multiroots'
make[2]: Nothing to be done for 'install-exec-am'.
 /bin/mkdir -p '/home/hakon/pcl/data/p/desktop/emacs/desktop/scratch/perl--cpan--Math-GSL--github--travis-test/math-gsl-test/gsl/gsl-2.5/include/gsl'
 /bin/install -c -m 644 gsl_multiroots.h '/home/hakon/pcl/data/p/desktop/emacs/desktop/scratch/perl--cpan--Math-GSL--github--travis-test/math-gsl-test/gsl/gsl-2.5/include/gsl'
make[2]: Leaving directory '/home/hakon/pcl/data/p/desktop/emacs/desktop/scratch/perl--cpan--Math-GSL--github--travis-test/math-gsl-test/gsl/src/gsl-2.5/multiroots'
make[1]: Leaving directory '/home/hakon/pcl/data/p/desktop/emacs/desktop/scratch/perl--cpan--Math-GSL--github--travis-test/math-gsl-test/gsl/src/gsl-2.5/multiroots'
Making install in min
make[1]: Entering directory '/home/hakon/pcl/data/p/desktop/emacs/desktop/scratch/perl--cpan--Math-GSL--github--travis-test/math-gsl-test/gsl/src/gsl-2.5/min'
make[2]: Entering directory '/home/hakon/pcl/data/p/desktop/emacs/desktop/scratch/perl--cpan--Math-GSL--github--travis-test/math-gsl-test/gsl/src/gsl-2.5/min'
make[2]: Nothing to be done for 'install-exec-am'.
 /bin/mkdir -p '/home/hakon/pcl/data/p/desktop/emacs/desktop/scratch/perl--cpan--Math-GSL--github--travis-test/math-gsl-test/gsl/gsl-2.5/include/gsl'
 /bin/install -c -m 644 gsl_min.h '/home/hakon/pcl/data/p/desktop/emacs/desktop/scratch/perl--cpan--Math-GSL--github--travis-test/math-gsl-test/gsl/gsl-2.5/include/gsl'
make[2]: Leaving directory '/home/hakon/pcl/data/p/desktop/emacs/desktop/scratch/perl--cpan--Math-GSL--github--travis-test/math-gsl-test/gsl/src/gsl-2.5/min'
make[1]: Leaving directory '/home/hakon/pcl/data/p/desktop/emacs/desktop/scratch/perl--cpan--Math-GSL--github--travis-test/math-gsl-test/gsl/src/gsl-2.5/min'
Making install in multimin
make[1]: Entering directory '/home/hakon/pcl/data/p/desktop/emacs/desktop/scratch/perl--cpan--Math-GSL--github--travis-test/math-gsl-test/gsl/src/gsl-2.5/multimin'
make[2]: Entering directory '/home/hakon/pcl/data/p/desktop/emacs/desktop/scratch/perl--cpan--Math-GSL--github--travis-test/math-gsl-test/gsl/src/gsl-2.5/multimin'
make[2]: Nothing to be done for 'install-exec-am'.
 /bin/mkdir -p '/home/hakon/pcl/data/p/desktop/emacs/desktop/scratch/perl--cpan--Math-GSL--github--travis-test/math-gsl-test/gsl/gsl-2.5/include/gsl'
 /bin/install -c -m 644 gsl_multimin.h '/home/hakon/pcl/data/p/desktop/emacs/desktop/scratch/perl--cpan--Math-GSL--github--travis-test/math-gsl-test/gsl/gsl-2.5/include/gsl'
make[2]: Leaving directory '/home/hakon/pcl/data/p/desktop/emacs/desktop/scratch/perl--cpan--Math-GSL--github--travis-test/math-gsl-test/gsl/src/gsl-2.5/multimin'
make[1]: Leaving directory '/home/hakon/pcl/data/p/desktop/emacs/desktop/scratch/perl--cpan--Math-GSL--github--travis-test/math-gsl-test/gsl/src/gsl-2.5/multimin'
Making install in monte
make[1]: Entering directory '/home/hakon/pcl/data/p/desktop/emacs/desktop/scratch/perl--cpan--Math-GSL--github--travis-test/math-gsl-test/gsl/src/gsl-2.5/monte'
make[2]: Entering directory '/home/hakon/pcl/data/p/desktop/emacs/desktop/scratch/perl--cpan--Math-GSL--github--travis-test/math-gsl-test/gsl/src/gsl-2.5/monte'
make[2]: Nothing to be done for 'install-exec-am'.
 /bin/mkdir -p '/home/hakon/pcl/data/p/desktop/emacs/desktop/scratch/perl--cpan--Math-GSL--github--travis-test/math-gsl-test/gsl/gsl-2.5/include/gsl'
 /bin/install -c -m 644 gsl_monte.h gsl_monte_vegas.h gsl_monte_miser.h gsl_monte_plain.h '/home/hakon/pcl/data/p/desktop/emacs/desktop/scratch/perl--cpan--Math-GSL--github--travis-test/math-gsl-test/gsl/gsl-2.5/include/gsl'
make[2]: Leaving directory '/home/hakon/pcl/data/p/desktop/emacs/desktop/scratch/perl--cpan--Math-GSL--github--travis-test/math-gsl-test/gsl/src/gsl-2.5/monte'
make[1]: Leaving directory '/home/hakon/pcl/data/p/desktop/emacs/desktop/scratch/perl--cpan--Math-GSL--github--travis-test/math-gsl-test/gsl/src/gsl-2.5/monte'
Making install in ntuple
make[1]: Entering directory '/home/hakon/pcl/data/p/desktop/emacs/desktop/scratch/perl--cpan--Math-GSL--github--travis-test/math-gsl-test/gsl/src/gsl-2.5/ntuple'
make[2]: Entering directory '/home/hakon/pcl/data/p/desktop/emacs/desktop/scratch/perl--cpan--Math-GSL--github--travis-test/math-gsl-test/gsl/src/gsl-2.5/ntuple'
make[2]: Nothing to be done for 'install-exec-am'.
 /bin/mkdir -p '/home/hakon/pcl/data/p/desktop/emacs/desktop/scratch/perl--cpan--Math-GSL--github--travis-test/math-gsl-test/gsl/gsl-2.5/include/gsl'
 /bin/install -c -m 644 gsl_ntuple.h '/home/hakon/pcl/data/p/desktop/emacs/desktop/scratch/perl--cpan--Math-GSL--github--travis-test/math-gsl-test/gsl/gsl-2.5/include/gsl'
make[2]: Leaving directory '/home/hakon/pcl/data/p/desktop/emacs/desktop/scratch/perl--cpan--Math-GSL--github--travis-test/math-gsl-test/gsl/src/gsl-2.5/ntuple'
make[1]: Leaving directory '/home/hakon/pcl/data/p/desktop/emacs/desktop/scratch/perl--cpan--Math-GSL--github--travis-test/math-gsl-test/gsl/src/gsl-2.5/ntuple'
Making install in diff
make[1]: Entering directory '/home/hakon/pcl/data/p/desktop/emacs/desktop/scratch/perl--cpan--Math-GSL--github--travis-test/math-gsl-test/gsl/src/gsl-2.5/diff'
make[2]: Entering directory '/home/hakon/pcl/data/p/desktop/emacs/desktop/scratch/perl--cpan--Math-GSL--github--travis-test/math-gsl-test/gsl/src/gsl-2.5/diff'
make[2]: Nothing to be done for 'install-exec-am'.
 /bin/mkdir -p '/home/hakon/pcl/data/p/desktop/emacs/desktop/scratch/perl--cpan--Math-GSL--github--travis-test/math-gsl-test/gsl/gsl-2.5/include/gsl'
 /bin/install -c -m 644 gsl_diff.h '/home/hakon/pcl/data/p/desktop/emacs/desktop/scratch/perl--cpan--Math-GSL--github--travis-test/math-gsl-test/gsl/gsl-2.5/include/gsl'
make[2]: Leaving directory '/home/hakon/pcl/data/p/desktop/emacs/desktop/scratch/perl--cpan--Math-GSL--github--travis-test/math-gsl-test/gsl/src/gsl-2.5/diff'
make[1]: Leaving directory '/home/hakon/pcl/data/p/desktop/emacs/desktop/scratch/perl--cpan--Math-GSL--github--travis-test/math-gsl-test/gsl/src/gsl-2.5/diff'
Making install in deriv
make[1]: Entering directory '/home/hakon/pcl/data/p/desktop/emacs/desktop/scratch/perl--cpan--Math-GSL--github--travis-test/math-gsl-test/gsl/src/gsl-2.5/deriv'
make[2]: Entering directory '/home/hakon/pcl/data/p/desktop/emacs/desktop/scratch/perl--cpan--Math-GSL--github--travis-test/math-gsl-test/gsl/src/gsl-2.5/deriv'
make[2]: Nothing to be done for 'install-exec-am'.
 /bin/mkdir -p '/home/hakon/pcl/data/p/desktop/emacs/desktop/scratch/perl--cpan--Math-GSL--github--travis-test/math-gsl-test/gsl/gsl-2.5/include/gsl'
 /bin/install -c -m 644 gsl_deriv.h '/home/hakon/pcl/data/p/desktop/emacs/desktop/scratch/perl--cpan--Math-GSL--github--travis-test/math-gsl-test/gsl/gsl-2.5/include/gsl'
make[2]: Leaving directory '/home/hakon/pcl/data/p/desktop/emacs/desktop/scratch/perl--cpan--Math-GSL--github--travis-test/math-gsl-test/gsl/src/gsl-2.5/deriv'
make[1]: Leaving directory '/home/hakon/pcl/data/p/desktop/emacs/desktop/scratch/perl--cpan--Math-GSL--github--travis-test/math-gsl-test/gsl/src/gsl-2.5/deriv'
Making install in cdf
make[1]: Entering directory '/home/hakon/pcl/data/p/desktop/emacs/desktop/scratch/perl--cpan--Math-GSL--github--travis-test/math-gsl-test/gsl/src/gsl-2.5/cdf'
make[2]: Entering directory '/home/hakon/pcl/data/p/desktop/emacs/desktop/scratch/perl--cpan--Math-GSL--github--travis-test/math-gsl-test/gsl/src/gsl-2.5/cdf'
make[2]: Nothing to be done for 'install-exec-am'.
 /bin/mkdir -p '/home/hakon/pcl/data/p/desktop/emacs/desktop/scratch/perl--cpan--Math-GSL--github--travis-test/math-gsl-test/gsl/gsl-2.5/include/gsl'
 /bin/install -c -m 644 gsl_cdf.h '/home/hakon/pcl/data/p/desktop/emacs/desktop/scratch/perl--cpan--Math-GSL--github--travis-test/math-gsl-test/gsl/gsl-2.5/include/gsl'
make[2]: Leaving directory '/home/hakon/pcl/data/p/desktop/emacs/desktop/scratch/perl--cpan--Math-GSL--github--travis-test/math-gsl-test/gsl/src/gsl-2.5/cdf'
make[1]: Leaving directory '/home/hakon/pcl/data/p/desktop/emacs/desktop/scratch/perl--cpan--Math-GSL--github--travis-test/math-gsl-test/gsl/src/gsl-2.5/cdf'
Making install in wavelet
make[1]: Entering directory '/home/hakon/pcl/data/p/desktop/emacs/desktop/scratch/perl--cpan--Math-GSL--github--travis-test/math-gsl-test/gsl/src/gsl-2.5/wavelet'
make[2]: Entering directory '/home/hakon/pcl/data/p/desktop/emacs/desktop/scratch/perl--cpan--Math-GSL--github--travis-test/math-gsl-test/gsl/src/gsl-2.5/wavelet'
make[2]: Nothing to be done for 'install-exec-am'.
 /bin/mkdir -p '/home/hakon/pcl/data/p/desktop/emacs/desktop/scratch/perl--cpan--Math-GSL--github--travis-test/math-gsl-test/gsl/gsl-2.5/include/gsl'
 /bin/install -c -m 644 gsl_wavelet.h gsl_wavelet2d.h '/home/hakon/pcl/data/p/desktop/emacs/desktop/scratch/perl--cpan--Math-GSL--github--travis-test/math-gsl-test/gsl/gsl-2.5/include/gsl'
make[2]: Leaving directory '/home/hakon/pcl/data/p/desktop/emacs/desktop/scratch/perl--cpan--Math-GSL--github--travis-test/math-gsl-test/gsl/src/gsl-2.5/wavelet'
make[1]: Leaving directory '/home/hakon/pcl/data/p/desktop/emacs/desktop/scratch/perl--cpan--Math-GSL--github--travis-test/math-gsl-test/gsl/src/gsl-2.5/wavelet'
Making install in bspline
make[1]: Entering directory '/home/hakon/pcl/data/p/desktop/emacs/desktop/scratch/perl--cpan--Math-GSL--github--travis-test/math-gsl-test/gsl/src/gsl-2.5/bspline'
make[2]: Entering directory '/home/hakon/pcl/data/p/desktop/emacs/desktop/scratch/perl--cpan--Math-GSL--github--travis-test/math-gsl-test/gsl/src/gsl-2.5/bspline'
make[2]: Nothing to be done for 'install-exec-am'.
 /bin/mkdir -p '/home/hakon/pcl/data/p/desktop/emacs/desktop/scratch/perl--cpan--Math-GSL--github--travis-test/math-gsl-test/gsl/gsl-2.5/include/gsl'
 /bin/install -c -m 644 gsl_bspline.h '/home/hakon/pcl/data/p/desktop/emacs/desktop/scratch/perl--cpan--Math-GSL--github--travis-test/math-gsl-test/gsl/gsl-2.5/include/gsl'
make[2]: Leaving directory '/home/hakon/pcl/data/p/desktop/emacs/desktop/scratch/perl--cpan--Math-GSL--github--travis-test/math-gsl-test/gsl/src/gsl-2.5/bspline'
make[1]: Leaving directory '/home/hakon/pcl/data/p/desktop/emacs/desktop/scratch/perl--cpan--Math-GSL--github--travis-test/math-gsl-test/gsl/src/gsl-2.5/bspline'
Making install in spblas
make[1]: Entering directory '/home/hakon/pcl/data/p/desktop/emacs/desktop/scratch/perl--cpan--Math-GSL--github--travis-test/math-gsl-test/gsl/src/gsl-2.5/spblas'
make[2]: Entering directory '/home/hakon/pcl/data/p/desktop/emacs/desktop/scratch/perl--cpan--Math-GSL--github--travis-test/math-gsl-test/gsl/src/gsl-2.5/spblas'
make[2]: Nothing to be done for 'install-exec-am'.
 /bin/mkdir -p '/home/hakon/pcl/data/p/desktop/emacs/desktop/scratch/perl--cpan--Math-GSL--github--travis-test/math-gsl-test/gsl/gsl-2.5/include/gsl'
 /bin/install -c -m 644 gsl_spblas.h '/home/hakon/pcl/data/p/desktop/emacs/desktop/scratch/perl--cpan--Math-GSL--github--travis-test/math-gsl-test/gsl/gsl-2.5/include/gsl'
make[2]: Leaving directory '/home/hakon/pcl/data/p/desktop/emacs/desktop/scratch/perl--cpan--Math-GSL--github--travis-test/math-gsl-test/gsl/src/gsl-2.5/spblas'
make[1]: Leaving directory '/home/hakon/pcl/data/p/desktop/emacs/desktop/scratch/perl--cpan--Math-GSL--github--travis-test/math-gsl-test/gsl/src/gsl-2.5/spblas'
Making install in spmatrix
make[1]: Entering directory '/home/hakon/pcl/data/p/desktop/emacs/desktop/scratch/perl--cpan--Math-GSL--github--travis-test/math-gsl-test/gsl/src/gsl-2.5/spmatrix'
make[2]: Entering directory '/home/hakon/pcl/data/p/desktop/emacs/desktop/scratch/perl--cpan--Math-GSL--github--travis-test/math-gsl-test/gsl/src/gsl-2.5/spmatrix'
make[2]: Nothing to be done for 'install-exec-am'.
 /bin/mkdir -p '/home/hakon/pcl/data/p/desktop/emacs/desktop/scratch/perl--cpan--Math-GSL--github--travis-test/math-gsl-test/gsl/gsl-2.5/include/gsl'
 /bin/install -c -m 644 gsl_spmatrix.h '/home/hakon/pcl/data/p/desktop/emacs/desktop/scratch/perl--cpan--Math-GSL--github--travis-test/math-gsl-test/gsl/gsl-2.5/include/gsl'
make[2]: Leaving directory '/home/hakon/pcl/data/p/desktop/emacs/desktop/scratch/perl--cpan--Math-GSL--github--travis-test/math-gsl-test/gsl/src/gsl-2.5/spmatrix'
make[1]: Leaving directory '/home/hakon/pcl/data/p/desktop/emacs/desktop/scratch/perl--cpan--Math-GSL--github--travis-test/math-gsl-test/gsl/src/gsl-2.5/spmatrix'
Making install in splinalg
make[1]: Entering directory '/home/hakon/pcl/data/p/desktop/emacs/desktop/scratch/perl--cpan--Math-GSL--github--travis-test/math-gsl-test/gsl/src/gsl-2.5/splinalg'
make[2]: Entering directory '/home/hakon/pcl/data/p/desktop/emacs/desktop/scratch/perl--cpan--Math-GSL--github--travis-test/math-gsl-test/gsl/src/gsl-2.5/splinalg'
make[2]: Nothing to be done for 'install-exec-am'.
 /bin/mkdir -p '/home/hakon/pcl/data/p/desktop/emacs/desktop/scratch/perl--cpan--Math-GSL--github--travis-test/math-gsl-test/gsl/gsl-2.5/include/gsl'
 /bin/install -c -m 644 gsl_splinalg.h '/home/hakon/pcl/data/p/desktop/emacs/desktop/scratch/perl--cpan--Math-GSL--github--travis-test/math-gsl-test/gsl/gsl-2.5/include/gsl'
make[2]: Leaving directory '/home/hakon/pcl/data/p/desktop/emacs/desktop/scratch/perl--cpan--Math-GSL--github--travis-test/math-gsl-test/gsl/src/gsl-2.5/splinalg'
make[1]: Leaving directory '/home/hakon/pcl/data/p/desktop/emacs/desktop/scratch/perl--cpan--Math-GSL--github--travis-test/math-gsl-test/gsl/src/gsl-2.5/splinalg'
Making install in doc
make[1]: Entering directory '/home/hakon/pcl/data/p/desktop/emacs/desktop/scratch/perl--cpan--Math-GSL--github--travis-test/math-gsl-test/gsl/src/gsl-2.5/doc'
Making install in .
make[2]: Entering directory '/home/hakon/pcl/data/p/desktop/emacs/desktop/scratch/perl--cpan--Math-GSL--github--travis-test/math-gsl-test/gsl/src/gsl-2.5/doc'
make[3]: Entering directory '/home/hakon/pcl/data/p/desktop/emacs/desktop/scratch/perl--cpan--Math-GSL--github--travis-test/math-gsl-test/gsl/src/gsl-2.5/doc'
make[3]: Nothing to be done for 'install-exec-am'.
/bin/mkdir -p "/home/hakon/pcl/data/p/desktop/emacs/desktop/scratch/perl--cpan--Math-GSL--github--travis-test/math-gsl-test/gsl/gsl-2.5/share/info"
/bin/install -c -m 644 ./gsl-ref.info /home/hakon/pcl/data/p/desktop/emacs/desktop/scratch/perl--cpan--Math-GSL--github--travis-test/math-gsl-test/gsl/gsl-2.5/share/info
 /bin/mkdir -p '/home/hakon/pcl/data/p/desktop/emacs/desktop/scratch/perl--cpan--Math-GSL--github--travis-test/math-gsl-test/gsl/gsl-2.5/share/man/man1'
 /bin/install -c -m 644 gsl-config.1 gsl-randist.1 gsl-histogram.1 '/home/hakon/pcl/data/p/desktop/emacs/desktop/scratch/perl--cpan--Math-GSL--github--travis-test/math-gsl-test/gsl/gsl-2.5/share/man/man1'
 /bin/mkdir -p '/home/hakon/pcl/data/p/desktop/emacs/desktop/scratch/perl--cpan--Math-GSL--github--travis-test/math-gsl-test/gsl/gsl-2.5/share/man/man3'
 /bin/install -c -m 644 gsl.3 '/home/hakon/pcl/data/p/desktop/emacs/desktop/scratch/perl--cpan--Math-GSL--github--travis-test/math-gsl-test/gsl/gsl-2.5/share/man/man3'
make[3]: Leaving directory '/home/hakon/pcl/data/p/desktop/emacs/desktop/scratch/perl--cpan--Math-GSL--github--travis-test/math-gsl-test/gsl/src/gsl-2.5/doc'
make[2]: Leaving directory '/home/hakon/pcl/data/p/desktop/emacs/desktop/scratch/perl--cpan--Math-GSL--github--travis-test/math-gsl-test/gsl/src/gsl-2.5/doc'
Making install in examples
make[2]: Entering directory '/home/hakon/pcl/data/p/desktop/emacs/desktop/scratch/perl--cpan--Math-GSL--github--travis-test/math-gsl-test/gsl/src/gsl-2.5/doc/examples'
make[3]: Entering directory '/home/hakon/pcl/data/p/desktop/emacs/desktop/scratch/perl--cpan--Math-GSL--github--travis-test/math-gsl-test/gsl/src/gsl-2.5/doc/examples'
make[3]: Nothing to be done for 'install-exec-am'.
make[3]: Nothing to be done for 'install-data-am'.
make[3]: Leaving directory '/home/hakon/pcl/data/p/desktop/emacs/desktop/scratch/perl--cpan--Math-GSL--github--travis-test/math-gsl-test/gsl/src/gsl-2.5/doc/examples'
make[2]: Leaving directory '/home/hakon/pcl/data/p/desktop/emacs/desktop/scratch/perl--cpan--Math-GSL--github--travis-test/math-gsl-test/gsl/src/gsl-2.5/doc/examples'
make[1]: Leaving directory '/home/hakon/pcl/data/p/desktop/emacs/desktop/scratch/perl--cpan--Math-GSL--github--travis-test/math-gsl-test/gsl/src/gsl-2.5/doc'
make[1]: Entering directory '/home/hakon/pcl/data/p/desktop/emacs/desktop/scratch/perl--cpan--Math-GSL--github--travis-test/math-gsl-test/gsl/src/gsl-2.5'
make[2]: Entering directory '/home/hakon/pcl/data/p/desktop/emacs/desktop/scratch/perl--cpan--Math-GSL--github--travis-test/math-gsl-test/gsl/src/gsl-2.5'
 /bin/mkdir -p '/home/hakon/pcl/data/p/desktop/emacs/desktop/scratch/perl--cpan--Math-GSL--github--travis-test/math-gsl-test/gsl/gsl-2.5/bin'
 /bin/mkdir -p '/home/hakon/pcl/data/p/desktop/emacs/desktop/scratch/perl--cpan--Math-GSL--github--travis-test/math-gsl-test/gsl/gsl-2.5/share/aclocal'
 /bin/install -c gsl-config '/home/hakon/pcl/data/p/desktop/emacs/desktop/scratch/perl--cpan--Math-GSL--github--travis-test/math-gsl-test/gsl/gsl-2.5/bin'
 /bin/install -c -m 644 gsl.m4 '/home/hakon/pcl/data/p/desktop/emacs/desktop/scratch/perl--cpan--Math-GSL--github--travis-test/math-gsl-test/gsl/gsl-2.5/share/aclocal'
 /bin/mkdir -p '/home/hakon/pcl/data/p/desktop/emacs/desktop/scratch/perl--cpan--Math-GSL--github--travis-test/math-gsl-test/gsl/gsl-2.5/lib/pkgconfig'
 /bin/mkdir -p '/home/hakon/pcl/data/p/desktop/emacs/desktop/scratch/perl--cpan--Math-GSL--github--travis-test/math-gsl-test/gsl/gsl-2.5/include/gsl'
 /bin/install -c -m 644 gsl.pc '/home/hakon/pcl/data/p/desktop/emacs/desktop/scratch/perl--cpan--Math-GSL--github--travis-test/math-gsl-test/gsl/gsl-2.5/lib/pkgconfig'
 /bin/install -c -m 644 gsl_math.h gsl_pow_int.h gsl_nan.h gsl_machine.h gsl_mode.h gsl_precision.h gsl_types.h gsl_version.h gsl_minmax.h gsl_inline.h '/home/hakon/pcl/data/p/desktop/emacs/desktop/scratch/perl--cpan--Math-GSL--github--travis-test/math-gsl-test/gsl/gsl-2.5/include/gsl'
 /bin/mkdir -p '/home/hakon/pcl/data/p/desktop/emacs/desktop/scratch/perl--cpan--Math-GSL--github--travis-test/math-gsl-test/gsl/gsl-2.5/lib'
 /bin/bash ./libtool   --mode=install /bin/install -c   libgsl.la '/home/hakon/pcl/data/p/desktop/emacs/desktop/scratch/perl--cpan--Math-GSL--github--travis-test/math-gsl-test/gsl/gsl-2.5/lib'
libtool: install: /bin/install -c .libs/libgsl.so.23.1.0 /home/hakon/pcl/data/p/desktop/emacs/desktop/scratch/perl--cpan--Math-GSL--github--travis-test/math-gsl-test/gsl/gsl-2.5/lib/libgsl.so.23.1.0
libtool: install: (cd /home/hakon/pcl/data/p/desktop/emacs/desktop/scratch/perl--cpan--Math-GSL--github--travis-test/math-gsl-test/gsl/gsl-2.5/lib && { ln -s -f libgsl.so.23.1.0 libgsl.so.23 || { rm -f libgsl.so.23 && ln -s libgsl.so.23.1.0 libgsl.so.23; }; })
libtool: install: (cd /home/hakon/pcl/data/p/desktop/emacs/desktop/scratch/perl--cpan--Math-GSL--github--travis-test/math-gsl-test/gsl/gsl-2.5/lib && { ln -s -f libgsl.so.23.1.0 libgsl.so || { rm -f libgsl.so && ln -s libgsl.so.23.1.0 libgsl.so; }; })
libtool: install: /bin/install -c .libs/libgsl.lai /home/hakon/pcl/data/p/desktop/emacs/desktop/scratch/perl--cpan--Math-GSL--github--travis-test/math-gsl-test/gsl/gsl-2.5/lib/libgsl.la
libtool: install: /bin/install -c .libs/libgsl.a /home/hakon/pcl/data/p/desktop/emacs/desktop/scratch/perl--cpan--Math-GSL--github--travis-test/math-gsl-test/gsl/gsl-2.5/lib/libgsl.a
libtool: install: chmod 644 /home/hakon/pcl/data/p/desktop/emacs/desktop/scratch/perl--cpan--Math-GSL--github--travis-test/math-gsl-test/gsl/gsl-2.5/lib/libgsl.a
libtool: install: ranlib /home/hakon/pcl/data/p/desktop/emacs/desktop/scratch/perl--cpan--Math-GSL--github--travis-test/math-gsl-test/gsl/gsl-2.5/lib/libgsl.a
libtool: finish: PATH="/home/hakon/.pyenv/shims:/home/hakon/.pyenv/bin:/home/hakon/perlbrew/bin:/home/hakon/perlbrew/perls/perl-5.28.1/bin:/opt/emacs-26.2/bin:/home/hakon/texlive/2018/bin/x86_64-linux:/home/hakon/.rakudobrew/moar-master/install/share/perl6/site/bin:/home/hakon/.rakudobrew/bin:/bin:/usr/bin:/sbin:/usr/local/bin:/usr/sbin:/snap/bin:/home/hakon/bin:/home/hakon/bib/bin:.:/home/hakon/.local/bin:/home/hakon/projects_early_phase/LCSANS-2013/tough2/bin:/home/hakon/projects_early_phase/LCSANS-2013/bin:/opt/android-studio/bin:/home/hakon/pcl/data/opmpb/opm/install/bleed/opm-common/build/bin:/home/hakon/pcl/data/opmpb/opm/install/bleed/opm-simulators/build/bin:/home/hakon/Android/Sdk/tools:/home/hakon/Android/Sdk/tools/bin:/home/hakon/pcl/fw/p/bin:/home/hakon/pcl/fw/bigq5/bin:/home/hakon/pcl/fw/ci/bin:/home/hakon/pcl/fw/es/bin:/home/hakon/pcl/fw/ios/bin:/home/hakon/pcl/fw/micap/bin:/home/hakon/pcl/fw/micap2/bin:/home/hakon/pcl/fw/norce/bin:/home/hakon/pcl/fw/opmpb/bin:/home/hakon/pcl/fw/pp/bin:/home/hakon/pcl/fw/prj/bin:/home/hakon/projects_early_phase/LCSANS-2013/tough2/cases/co2simfx/bin:/home/hakon/.fzf/bin:/sbin" ldconfig -n /home/hakon/pcl/data/p/desktop/emacs/desktop/scratch/perl--cpan--Math-GSL--github--travis-test/math-gsl-test/gsl/gsl-2.5/lib
----------------------------------------------------------------------
Libraries have been installed in:
   /home/hakon/pcl/data/p/desktop/emacs/desktop/scratch/perl--cpan--Math-GSL--github--travis-test/math-gsl-test/gsl/gsl-2.5/lib

If you ever happen to want to link against installed libraries
in a given directory, LIBDIR, you must either use libtool, and
specify the full pathname of the library, or use the `-LLIBDIR'
flag during linking and do at least one of the following:
   - add LIBDIR to the `LD_LIBRARY_PATH' environment variable
     during execution
   - add LIBDIR to the `LD_RUN_PATH' environment variable
     during linking
   - use the `-Wl,-rpath -Wl,LIBDIR' linker flag
   - have your system administrator add LIBDIR to `/etc/ld.so.conf'

See any operating system documentation about shared libraries for
more information, such as the ld(1) and ld.so(8) manual pages.
----------------------------------------------------------------------
 /bin/mkdir -p '/home/hakon/pcl/data/p/desktop/emacs/desktop/scratch/perl--cpan--Math-GSL--github--travis-test/math-gsl-test/gsl/gsl-2.5/bin'
  /bin/bash ./libtool   --mode=install /bin/install -c gsl-randist gsl-histogram '/home/hakon/pcl/data/p/desktop/emacs/desktop/scratch/perl--cpan--Math-GSL--github--travis-test/math-gsl-test/gsl/gsl-2.5/bin'
libtool: install: /bin/install -c .libs/gsl-randist /home/hakon/pcl/data/p/desktop/emacs/desktop/scratch/perl--cpan--Math-GSL--github--travis-test/math-gsl-test/gsl/gsl-2.5/bin/gsl-randist
libtool: install: /bin/install -c .libs/gsl-histogram /home/hakon/pcl/data/p/desktop/emacs/desktop/scratch/perl--cpan--Math-GSL--github--travis-test/math-gsl-test/gsl/gsl-2.5/bin/gsl-histogram
make[2]: Leaving directory '/home/hakon/pcl/data/p/desktop/emacs/desktop/scratch/perl--cpan--Math-GSL--github--travis-test/math-gsl-test/gsl/src/gsl-2.5'
make[1]: Leaving directory '/home/hakon/pcl/data/p/desktop/emacs/desktop/scratch/perl--cpan--Math-GSL--github--travis-test/math-gsl-test/gsl/src/gsl-2.5'
